2024-05-19 21:15:02,253 - utils - INFO - Splitting dataset into 5 batches and saving to data\batches
2024-05-19 21:18:49,862 - utils - INFO - Epoch 1/10:
2024-05-19 21:30:45,193 - utils - INFO - Skipped 0 batches during training
2024-05-19 21:38:12,688 - utils - INFO - Skipped 0 batches during validation
2024-05-19 21:38:12,690 - utils - INFO - Train Loss: 1.1482, Val Loss: 0.7602, Val Acc: 0.7380
2024-05-19 21:38:12,690 - utils - INFO - Epoch 2/10:
2024-05-19 21:38:45,933 - utils - INFO - Skipped 0 batches during training
2024-05-19 21:39:00,899 - utils - INFO - Skipped 0 batches during validation
2024-05-19 21:39:00,900 - utils - INFO - Train Loss: 0.8208, Val Loss: 0.5879, Val Acc: 0.7942
2024-05-19 21:39:00,900 - utils - INFO - Epoch 3/10:
2024-05-19 21:39:25,808 - utils - INFO - Skipped 0 batches during training
2024-05-19 21:39:40,667 - utils - INFO - Skipped 0 batches during validation
2024-05-19 21:39:40,667 - utils - INFO - Train Loss: 0.6652, Val Loss: 0.8670, Val Acc: 0.6960
2024-05-19 21:39:40,667 - utils - INFO - Epoch 4/10:
2024-05-19 21:40:05,824 - utils - INFO - Skipped 0 batches during training
2024-05-19 21:40:21,179 - utils - INFO - Skipped 0 batches during validation
2024-05-19 21:40:21,179 - utils - INFO - Train Loss: 0.5702, Val Loss: 0.5090, Val Acc: 0.8264
2024-05-19 21:40:21,179 - utils - INFO - Epoch 5/10:
2024-05-19 21:40:45,126 - utils - INFO - Skipped 0 batches during training
2024-05-19 21:40:59,653 - utils - INFO - Skipped 0 batches during validation
2024-05-19 21:40:59,653 - utils - INFO - Train Loss: 0.4923, Val Loss: 1.1274, Val Acc: 0.6715
2024-05-19 21:40:59,653 - utils - INFO - Epoch 6/10:
2024-05-19 21:41:23,035 - utils - INFO - Skipped 0 batches during training
2024-05-19 21:41:37,118 - utils - INFO - Skipped 0 batches during validation
2024-05-19 21:41:37,118 - utils - INFO - Train Loss: 0.4456, Val Loss: 0.2764, Val Acc: 0.9039
2024-05-19 21:41:37,118 - utils - INFO - Epoch 7/10:
2024-05-19 21:42:02,932 - utils - INFO - Skipped 0 batches during training
2024-05-19 21:42:18,234 - utils - INFO - Skipped 0 batches during validation
2024-05-19 21:42:18,234 - utils - INFO - Train Loss: 0.3414, Val Loss: 0.4121, Val Acc: 0.8599
2024-05-19 21:42:18,236 - utils - INFO - Epoch 8/10:
2024-05-19 21:42:43,180 - utils - INFO - Skipped 0 batches during training
2024-05-19 21:42:58,620 - utils - INFO - Skipped 0 batches during validation
2024-05-19 21:42:58,620 - utils - INFO - Train Loss: 0.3493, Val Loss: 0.3101, Val Acc: 0.8975
2024-05-19 21:42:58,621 - utils - INFO - Epoch 9/10:
2024-05-19 21:43:24,323 - utils - INFO - Skipped 0 batches during training
2024-05-19 21:43:39,899 - utils - INFO - Skipped 0 batches during validation
2024-05-19 21:43:39,899 - utils - INFO - Train Loss: 0.3052, Val Loss: 0.2073, Val Acc: 0.9267
2024-05-19 21:43:39,900 - utils - INFO - Epoch 10/10:
2024-05-19 21:44:05,672 - utils - INFO - Skipped 0 batches during training
2024-05-19 21:44:21,316 - utils - INFO - Skipped 0 batches during validation
2024-05-19 21:44:21,316 - utils - INFO - Train Loss: 0.2202, Val Loss: 0.1073, Val Acc: 0.9650
2024-05-19 21:46:21,504 - utils - INFO - Epoch 1/10:
2024-05-19 21:57:33,082 - utils - INFO - Skipped 0 batches during training
2024-05-19 21:57:48,377 - utils - INFO - Skipped 0 batches during validation
2024-05-19 21:57:48,378 - utils - INFO - Train Loss: 0.9913, Val Loss: 0.8462, Val Acc: 0.7121
2024-05-19 21:57:48,378 - utils - INFO - Epoch 2/10:
2024-05-19 21:58:13,200 - utils - INFO - Skipped 0 batches during training
2024-05-19 21:58:28,356 - utils - INFO - Skipped 0 batches during validation
2024-05-19 21:58:28,357 - utils - INFO - Train Loss: 1.0529, Val Loss: 4.9314, Val Acc: 0.6376
2024-05-19 21:58:28,357 - utils - INFO - Epoch 3/10:
2024-05-19 21:58:53,456 - utils - INFO - Skipped 0 batches during training
2024-05-19 21:59:08,340 - utils - INFO - Skipped 0 batches during validation
2024-05-19 21:59:08,341 - utils - INFO - Train Loss: 0.7187, Val Loss: 0.4902, Val Acc: 0.8315
2024-05-19 21:59:08,341 - utils - INFO - Epoch 4/10:
2024-05-19 21:59:33,151 - utils - INFO - Skipped 0 batches during training
2024-05-19 21:59:48,482 - utils - INFO - Skipped 0 batches during validation
2024-05-19 21:59:48,482 - utils - INFO - Train Loss: 0.5704, Val Loss: 0.4187, Val Acc: 0.8564
2024-05-19 21:59:48,482 - utils - INFO - Epoch 5/10:
2024-05-19 22:00:13,506 - utils - INFO - Skipped 0 batches during training
2024-05-19 22:00:28,447 - utils - INFO - Skipped 0 batches during validation
2024-05-19 22:00:28,448 - utils - INFO - Train Loss: 0.4827, Val Loss: 0.4253, Val Acc: 0.8584
2024-05-19 22:00:28,448 - utils - INFO - Epoch 6/10:
2024-05-19 22:00:53,475 - utils - INFO - Skipped 0 batches during training
2024-05-19 22:01:08,443 - utils - INFO - Skipped 0 batches during validation
2024-05-19 22:01:08,443 - utils - INFO - Train Loss: 0.4170, Val Loss: 0.2582, Val Acc: 0.9157
2024-05-19 22:01:08,443 - utils - INFO - Epoch 7/10:
2024-05-19 22:01:33,404 - utils - INFO - Skipped 0 batches during training
2024-05-19 22:01:48,746 - utils - INFO - Skipped 0 batches during validation
2024-05-19 22:01:48,746 - utils - INFO - Train Loss: 0.3993, Val Loss: 0.2973, Val Acc: 0.8998
2024-05-19 22:01:48,746 - utils - INFO - Epoch 8/10:
2024-05-19 22:02:13,678 - utils - INFO - Skipped 0 batches during training
2024-05-19 22:02:28,650 - utils - INFO - Skipped 0 batches during validation
2024-05-19 22:02:28,650 - utils - INFO - Train Loss: 0.3312, Val Loss: 0.1709, Val Acc: 0.9427
2024-05-19 22:02:28,650 - utils - INFO - Epoch 9/10:
2024-05-19 22:02:53,724 - utils - INFO - Skipped 0 batches during training
2024-05-19 22:03:08,542 - utils - INFO - Skipped 0 batches during validation
2024-05-19 22:03:08,542 - utils - INFO - Train Loss: 0.2600, Val Loss: 0.4279, Val Acc: 0.8656
2024-05-19 22:03:08,542 - utils - INFO - Epoch 10/10:
2024-05-19 22:03:33,439 - utils - INFO - Skipped 0 batches during training
2024-05-19 22:03:48,831 - utils - INFO - Skipped 0 batches during validation
2024-05-19 22:03:48,831 - utils - INFO - Train Loss: 0.4417, Val Loss: 0.2132, Val Acc: 0.9308
2024-05-20 00:48:01,593 - utils - INFO - Splitting dataset into 5 batches and saving to data\batches
2024-05-20 01:10:37,460 - utils - INFO - Epoch 1/10:
2024-05-20 01:19:45,739 - utils - INFO - Skipped 0 batches during training
2024-05-20 01:20:02,581 - utils - INFO - Skipped 0 batches during validation
2024-05-20 01:20:02,582 - utils - INFO - Train Loss: 0.9846, Val Loss: 0.7329, Val Acc: 0.7527
2024-05-20 01:20:02,582 - utils - INFO - Epoch 2/10:
2024-05-20 01:20:29,452 - utils - INFO - Skipped 0 batches during training
2024-05-20 01:20:46,416 - utils - INFO - Skipped 0 batches during validation
2024-05-20 01:20:46,416 - utils - INFO - Train Loss: 0.8715, Val Loss: 0.9244, Val Acc: 0.6707
2024-05-20 01:20:46,417 - utils - INFO - Epoch 3/10:
2024-05-20 01:21:13,621 - utils - INFO - Skipped 0 batches during training
2024-05-20 01:21:30,480 - utils - INFO - Skipped 0 batches during validation
2024-05-20 01:21:30,481 - utils - INFO - Train Loss: 0.6729, Val Loss: 0.4666, Val Acc: 0.8473
2024-05-20 01:21:30,481 - utils - INFO - Epoch 4/10:
2024-05-20 01:21:57,769 - utils - INFO - Skipped 0 batches during training
2024-05-20 01:22:14,776 - utils - INFO - Skipped 0 batches during validation
2024-05-20 01:22:14,776 - utils - INFO - Train Loss: 0.7266, Val Loss: 0.4532, Val Acc: 0.8493
2024-05-20 01:22:14,776 - utils - INFO - Epoch 5/10:
2024-05-20 01:22:41,866 - utils - INFO - Skipped 0 batches during training
2024-05-20 01:22:58,625 - utils - INFO - Skipped 0 batches during validation
2024-05-20 01:22:58,626 - utils - INFO - Train Loss: 0.4923, Val Loss: 0.5164, Val Acc: 0.8185
2024-05-20 01:22:58,626 - utils - INFO - Epoch 6/10:
2024-05-20 01:23:24,926 - utils - INFO - Skipped 0 batches during training
2024-05-20 01:23:41,163 - utils - INFO - Skipped 0 batches during validation
2024-05-20 01:23:41,163 - utils - INFO - Train Loss: 0.4143, Val Loss: 0.2596, Val Acc: 0.9138
2024-05-20 01:23:41,164 - utils - INFO - Epoch 7/10:
2024-05-20 01:24:07,666 - utils - INFO - Skipped 0 batches during training
2024-05-20 01:24:24,093 - utils - INFO - Skipped 0 batches during validation
2024-05-20 01:24:24,093 - utils - INFO - Train Loss: 0.4482, Val Loss: 1.3151, Val Acc: 0.5697
2024-05-20 01:24:24,093 - utils - INFO - Epoch 8/10:
2024-05-20 01:24:50,528 - utils - INFO - Skipped 0 batches during training
2024-05-20 01:25:06,735 - utils - INFO - Skipped 0 batches during validation
2024-05-20 01:25:06,735 - utils - INFO - Train Loss: 0.4874, Val Loss: 0.2369, Val Acc: 0.9233
2024-05-20 01:25:06,735 - utils - INFO - Epoch 9/10:
2024-05-20 01:25:34,019 - utils - INFO - Skipped 0 batches during training
2024-05-20 01:25:52,899 - utils - INFO - Skipped 0 batches during validation
2024-05-20 01:25:52,900 - utils - INFO - Train Loss: 0.2500, Val Loss: 0.1436, Val Acc: 0.9537
2024-05-20 01:25:52,900 - utils - INFO - Epoch 10/10:
2024-05-20 01:26:20,961 - utils - INFO - Skipped 0 batches during training
2024-05-20 01:26:38,022 - utils - INFO - Skipped 0 batches during validation
2024-05-20 01:26:38,022 - utils - INFO - Train Loss: 0.2047, Val Loss: 0.1694, Val Acc: 0.9456
2024-05-20 02:00:43,385 - utils - INFO - Epoch 1/10:
2024-05-20 02:14:10,357 - utils - INFO - Epoch 1/10:
2024-05-20 02:14:56,973 - utils - INFO - Skipped 0 batches during training
2024-05-20 02:15:06,872 - utils - INFO - Skipped 0 batches during validation
2024-05-20 02:15:06,873 - utils - INFO - Train Loss: 0.8220, Val Loss: 0.7525, Val Acc: 0.7483
2024-05-20 02:15:06,873 - utils - INFO - Epoch 2/10:
2024-05-20 02:15:50,576 - utils - INFO - Skipped 0 batches during training
2024-05-20 02:16:00,483 - utils - INFO - Skipped 0 batches during validation
2024-05-20 02:16:00,484 - utils - INFO - Train Loss: 0.4849, Val Loss: 0.5585, Val Acc: 0.8085
2024-05-20 02:16:00,484 - utils - INFO - Epoch 3/10:
2024-05-20 02:16:46,379 - utils - INFO - Skipped 0 batches during training
2024-05-20 02:16:56,143 - utils - INFO - Skipped 0 batches during validation
2024-05-20 02:16:56,145 - utils - INFO - Train Loss: 0.3628, Val Loss: 0.4833, Val Acc: 0.8385
2024-05-20 02:16:56,145 - utils - INFO - Epoch 4/10:
2024-05-20 02:17:39,923 - utils - INFO - Skipped 0 batches during training
2024-05-20 02:17:49,882 - utils - INFO - Skipped 0 batches during validation
2024-05-20 02:17:49,883 - utils - INFO - Train Loss: 0.2726, Val Loss: 0.4219, Val Acc: 0.8609
2024-05-20 02:17:49,883 - utils - INFO - Epoch 5/10:
2024-05-20 02:18:33,437 - utils - INFO - Skipped 0 batches during training
2024-05-20 02:18:43,568 - utils - INFO - Skipped 0 batches during validation
2024-05-20 02:18:43,568 - utils - INFO - Train Loss: 0.2113, Val Loss: 0.4196, Val Acc: 0.8639
2024-05-20 02:18:43,568 - utils - INFO - Epoch 6/10:
2024-05-20 02:19:28,375 - utils - INFO - Skipped 0 batches during training
2024-05-20 02:19:39,236 - utils - INFO - Skipped 0 batches during validation
2024-05-20 02:19:39,237 - utils - INFO - Train Loss: 0.1664, Val Loss: 0.5298, Val Acc: 0.8479
2024-05-20 02:19:39,237 - utils - INFO - Epoch 7/10:
2024-05-20 02:20:23,617 - utils - INFO - Skipped 0 batches during training
2024-05-20 02:20:33,554 - utils - INFO - Skipped 0 batches during validation
2024-05-20 02:20:33,554 - utils - INFO - Train Loss: 0.1327, Val Loss: 0.5399, Val Acc: 0.8442
2024-05-20 02:20:33,555 - utils - INFO - Epoch 8/10:
2024-05-20 02:21:16,941 - utils - INFO - Skipped 0 batches during training
2024-05-20 02:21:26,902 - utils - INFO - Skipped 0 batches during validation
2024-05-20 02:21:26,902 - utils - INFO - Train Loss: 0.1146, Val Loss: 0.5243, Val Acc: 0.8485
2024-05-20 02:21:26,902 - utils - INFO - Epoch 9/10:
2024-05-20 02:22:10,339 - utils - INFO - Skipped 0 batches during training
2024-05-20 02:22:22,004 - utils - INFO - Skipped 0 batches during validation
2024-05-20 02:22:22,006 - utils - INFO - Train Loss: 0.0972, Val Loss: 0.5123, Val Acc: 0.8584
2024-05-20 02:22:22,006 - utils - INFO - Epoch 10/10:
2024-05-20 02:23:06,557 - utils - INFO - Skipped 0 batches during training
2024-05-20 02:23:16,517 - utils - INFO - Skipped 0 batches during validation
2024-05-20 02:23:16,518 - utils - INFO - Train Loss: 0.0877, Val Loss: 0.6710, Val Acc: 0.8316
2024-05-20 02:23:16,518 - utils - INFO - Early stopping triggered. Training stopped.
2024-05-20 02:34:18,358 - utils - INFO - Epoch 1/10:
2024-05-20 02:35:06,076 - utils - INFO - Skipped 0 batches during training
2024-05-20 02:35:16,196 - utils - INFO - Skipped 0 batches during validation
2024-05-20 02:35:16,197 - utils - INFO - Train Loss: 0.7828, Val Loss: 0.7950, Val Acc: 0.7454
2024-05-20 02:35:16,197 - utils - INFO - Epoch 2/10:
2024-05-20 02:36:00,602 - utils - INFO - Skipped 0 batches during training
2024-05-20 02:36:10,582 - utils - INFO - Skipped 0 batches during validation
2024-05-20 02:36:10,583 - utils - INFO - Train Loss: 0.4733, Val Loss: 0.5482, Val Acc: 0.8165
2024-05-20 02:36:10,583 - utils - INFO - Epoch 3/10:
2024-05-20 02:36:54,430 - utils - INFO - Skipped 0 batches during training
2024-05-20 02:37:04,337 - utils - INFO - Skipped 0 batches during validation
2024-05-20 02:37:04,337 - utils - INFO - Train Loss: 0.3389, Val Loss: 0.4159, Val Acc: 0.8595
2024-05-20 02:37:04,338 - utils - INFO - Epoch 4/10:
2024-05-20 02:37:49,707 - utils - INFO - Skipped 0 batches during training
2024-05-20 02:37:59,622 - utils - INFO - Skipped 0 batches during validation
2024-05-20 02:37:59,622 - utils - INFO - Train Loss: 0.2657, Val Loss: 0.4375, Val Acc: 0.8518
2024-05-20 02:37:59,622 - utils - INFO - Epoch 5/10:
2024-05-20 02:38:43,687 - utils - INFO - Skipped 0 batches during training
2024-05-20 02:38:53,841 - utils - INFO - Skipped 0 batches during validation
2024-05-20 02:38:53,841 - utils - INFO - Train Loss: 0.2040, Val Loss: 0.5236, Val Acc: 0.8386
2024-05-20 02:38:53,842 - utils - INFO - Epoch 6/10:
2024-05-20 02:39:37,561 - utils - INFO - Skipped 0 batches during training
2024-05-20 02:39:47,746 - utils - INFO - Skipped 0 batches during validation
2024-05-20 02:39:47,746 - utils - INFO - Train Loss: 0.1689, Val Loss: 0.4683, Val Acc: 0.8598
2024-05-20 02:39:47,746 - utils - INFO - Epoch 7/10:
2024-05-20 02:40:32,524 - utils - INFO - Skipped 0 batches during training
2024-05-20 02:40:43,553 - utils - INFO - Skipped 0 batches during validation
2024-05-20 02:40:43,553 - utils - INFO - Train Loss: 0.1249, Val Loss: 0.4537, Val Acc: 0.8651
2024-05-20 02:40:43,553 - utils - INFO - Epoch 8/10:
2024-05-20 02:44:07,044 - utils - INFO - Skipped 0 batches during training
2024-05-20 02:45:40,935 - utils - INFO - Skipped 0 batches during validation
2024-05-20 02:45:40,935 - utils - INFO - Train Loss: 0.1198, Val Loss: 0.4591, Val Acc: 0.8591
2024-05-20 02:45:40,935 - utils - INFO - Early stopping triggered. Training stopped.
2024-05-20 02:46:47,126 - utils - INFO - Skipped 0 batches during validation
2024-05-20 02:48:56,544 - utils - INFO - Epoch 1/10:
2024-05-20 02:52:58,377 - utils - INFO - Skipped 0 batches during training
2024-05-20 02:54:31,974 - utils - INFO - Skipped 0 batches during validation
2024-05-20 02:54:31,974 - utils - INFO - Train Loss: 0.8073, Val Loss: 0.7029, Val Acc: 0.7534
2024-05-20 02:54:31,974 - utils - INFO - Epoch 2/10:
2024-05-20 02:55:15,974 - utils - INFO - Skipped 0 batches during training
2024-05-20 02:55:25,777 - utils - INFO - Skipped 0 batches during validation
2024-05-20 02:55:25,777 - utils - INFO - Train Loss: 0.4681, Val Loss: 0.6196, Val Acc: 0.7933
2024-05-20 02:55:25,778 - utils - INFO - Epoch 3/10:
2024-05-20 02:56:11,292 - utils - INFO - Skipped 0 batches during training
2024-05-20 02:56:21,254 - utils - INFO - Skipped 0 batches during validation
2024-05-20 02:56:21,255 - utils - INFO - Train Loss: 0.3531, Val Loss: 0.7688, Val Acc: 0.7546
2024-05-20 02:56:21,255 - utils - INFO - Epoch 4/10:
2024-05-20 02:57:05,279 - utils - INFO - Skipped 0 batches during training
2024-05-20 02:57:15,245 - utils - INFO - Skipped 0 batches during validation
2024-05-20 02:57:15,245 - utils - INFO - Train Loss: 0.2650, Val Loss: 0.5643, Val Acc: 0.8283
2024-05-20 02:57:15,245 - utils - INFO - Epoch 5/10:
2024-05-20 02:57:58,741 - utils - INFO - Skipped 0 batches during training
2024-05-20 02:58:08,632 - utils - INFO - Skipped 0 batches during validation
2024-05-20 02:58:08,633 - utils - INFO - Train Loss: 0.2107, Val Loss: 0.5801, Val Acc: 0.8242
2024-05-20 02:58:08,633 - utils - INFO - Epoch 6/10:
2024-05-20 02:58:54,288 - utils - INFO - Skipped 0 batches during training
2024-05-20 02:59:04,025 - utils - INFO - Skipped 0 batches during validation
2024-05-20 02:59:04,027 - utils - INFO - Train Loss: 0.1655, Val Loss: 0.4187, Val Acc: 0.8691
2024-05-20 02:59:04,027 - utils - INFO - Epoch 7/10:
2024-05-20 02:59:48,328 - utils - INFO - Skipped 0 batches during training
2024-05-20 02:59:58,275 - utils - INFO - Skipped 0 batches during validation
2024-05-20 02:59:58,275 - utils - INFO - Train Loss: 0.1435, Val Loss: 0.4081, Val Acc: 0.8734
2024-05-20 02:59:58,275 - utils - INFO - Epoch 8/10:
2024-05-20 03:00:41,952 - utils - INFO - Skipped 0 batches during training
2024-05-20 03:00:51,885 - utils - INFO - Skipped 0 batches during validation
2024-05-20 03:00:51,885 - utils - INFO - Train Loss: 0.1114, Val Loss: 0.4606, Val Acc: 0.8639
2024-05-20 03:00:51,886 - utils - INFO - Epoch 9/10:
2024-05-20 03:01:36,215 - utils - INFO - Skipped 0 batches during training
2024-05-20 03:01:47,115 - utils - INFO - Skipped 0 batches during validation
2024-05-20 03:01:47,116 - utils - INFO - Train Loss: 0.0978, Val Loss: 0.3984, Val Acc: 0.8804
2024-05-20 03:01:47,116 - utils - INFO - Epoch 10/10:
2024-05-20 03:02:31,977 - utils - INFO - Skipped 0 batches during training
2024-05-20 03:02:41,801 - utils - INFO - Skipped 0 batches during validation
2024-05-20 03:02:41,802 - utils - INFO - Train Loss: 0.0850, Val Loss: 0.5491, Val Acc: 0.8583
2024-05-20 04:15:21,726 - utils - INFO - Splitting dataset into 5 batches and saving to data\batches
2024-05-20 04:35:15,704 - utils - INFO - Epoch 1/10:
2024-05-20 04:36:34,457 - utils - INFO - Splitting dataset into 5 batches and saving to data\batches
2024-05-20 04:52:17,738 - utils - INFO - Splitting dataset into 5 batches and saving to data\batches
2024-05-20 05:02:58,469 - utils - INFO - Splitting dataset into 5 batches and saving to data\batches
2024-05-20 05:22:33,404 - utils - INFO - Epoch 1/10:
2024-05-20 05:28:41,147 - utils - INFO - Skipped 0 batches during training
2024-05-20 05:28:57,876 - utils - INFO - Skipped 0 batches during validation
2024-05-20 05:28:57,877 - utils - INFO - Train Loss: 1.2453, Val Loss: 1.2523, Val Acc: 0.5843
2024-05-20 05:28:57,877 - utils - INFO - Epoch 2/10:
2024-05-20 05:29:26,361 - utils - INFO - Skipped 0 batches during training
2024-05-20 05:29:42,730 - utils - INFO - Skipped 0 batches during validation
2024-05-20 05:29:42,730 - utils - INFO - Train Loss: 0.9686, Val Loss: 1.0287, Val Acc: 0.6791
2024-05-20 05:29:42,730 - utils - INFO - Epoch 3/10:
2024-05-20 05:30:09,144 - utils - INFO - Skipped 0 batches during training
2024-05-20 05:30:27,728 - utils - INFO - Skipped 0 batches during validation
2024-05-20 05:30:27,729 - utils - INFO - Train Loss: 0.7814, Val Loss: 0.6394, Val Acc: 0.7786
2024-05-20 05:30:27,729 - utils - INFO - Epoch 4/10:
2024-05-20 05:30:56,434 - utils - INFO - Skipped 0 batches during training
2024-05-20 05:31:13,976 - utils - INFO - Skipped 0 batches during validation
2024-05-20 05:31:13,976 - utils - INFO - Train Loss: 0.6292, Val Loss: 0.7025, Val Acc: 0.7877
2024-05-20 05:31:13,976 - utils - INFO - Epoch 5/10:
2024-05-20 05:31:42,153 - utils - INFO - Skipped 0 batches during training
2024-05-20 05:31:59,798 - utils - INFO - Skipped 0 batches during validation
2024-05-20 05:31:59,799 - utils - INFO - Train Loss: 0.9747, Val Loss: 1.5446, Val Acc: 0.5488
2024-05-20 05:31:59,799 - utils - INFO - Epoch 6/10:
2024-05-20 05:32:27,846 - utils - INFO - Skipped 0 batches during training
2024-05-20 05:32:45,293 - utils - INFO - Skipped 0 batches during validation
2024-05-20 05:32:45,293 - utils - INFO - Train Loss: 0.9151, Val Loss: 0.6138, Val Acc: 0.7989
2024-05-20 05:32:45,294 - utils - INFO - Epoch 7/10:
2024-05-20 05:33:13,410 - utils - INFO - Skipped 0 batches during training
2024-05-20 05:33:32,036 - utils - INFO - Skipped 0 batches during validation
2024-05-20 05:33:32,036 - utils - INFO - Train Loss: 0.6334, Val Loss: 0.4740, Val Acc: 0.8387
2024-05-20 05:33:32,036 - utils - INFO - Epoch 8/10:
2024-05-20 05:34:00,002 - utils - INFO - Skipped 0 batches during training
2024-05-20 05:34:17,589 - utils - INFO - Skipped 0 batches during validation
2024-05-20 05:34:17,589 - utils - INFO - Train Loss: 0.4891, Val Loss: 0.3370, Val Acc: 0.8870
2024-05-20 05:34:17,591 - utils - INFO - Epoch 9/10:
2024-05-20 05:34:45,755 - utils - INFO - Skipped 0 batches during training
2024-05-20 05:35:03,325 - utils - INFO - Skipped 0 batches during validation
2024-05-20 05:35:03,326 - utils - INFO - Train Loss: 0.4376, Val Loss: 0.3311, Val Acc: 0.8865
2024-05-20 05:35:03,326 - utils - INFO - Epoch 10/10:
2024-05-20 05:35:31,534 - utils - INFO - Skipped 0 batches during training
2024-05-20 05:35:49,137 - utils - INFO - Skipped 0 batches during validation
2024-05-20 05:35:49,137 - utils - INFO - Train Loss: 0.3557, Val Loss: 0.2154, Val Acc: 0.9290
2024-05-20 05:38:12,764 - utils - INFO - Splitting dataset into 5 batches and saving to data\batches
2024-05-20 05:44:09,734 - utils - INFO - Splitting dataset into 5 batches and saving to data\batches
2024-05-20 05:51:55,448 - utils - INFO - Splitting dataset into 5 batches and saving to data\batches
2024-05-20 06:03:50,271 - utils - INFO - Splitting dataset into 5 batches and saving to data\batches
2024-05-20 06:04:34,359 - utils - INFO - Extracting test batch and saving to data\batches\test_batch
2024-05-20 07:11:11,051 - utils - INFO - Splitting dataset into 5 batches and saving to data\batches
2024-05-20 07:13:46,868 - utils - INFO - Splitting dataset into 5 batches and saving to data\batches
2024-05-20 07:16:54,229 - utils - INFO - Splitting dataset into 5 batches and saving to data\batches
2024-05-20 13:12:19,388 - utils - INFO - Splitting dataset into 5 batches and saving to data\batches
2024-05-20 13:49:46,141 - utils - INFO - Epoch 1/10:
2024-05-20 14:01:45,669 - utils - INFO - Skipped 0 batches during training
2024-05-20 14:02:02,260 - utils - INFO - Skipped 0 batches during validation
2024-05-20 14:02:02,260 - utils - INFO - Train Loss: 1.0533, Val Loss: 0.6747, Val Acc: 0.7642
2024-05-20 14:02:02,261 - utils - INFO - Epoch 2/10:
2024-05-20 14:02:29,360 - utils - INFO - Skipped 0 batches during training
2024-05-20 14:02:45,935 - utils - INFO - Skipped 0 batches during validation
2024-05-20 14:02:45,936 - utils - INFO - Train Loss: 0.7552, Val Loss: 0.5098, Val Acc: 0.8277
2024-05-20 14:02:45,936 - utils - INFO - Epoch 3/10:
2024-05-20 14:03:12,896 - utils - INFO - Skipped 0 batches during training
2024-05-20 14:03:29,772 - utils - INFO - Skipped 0 batches during validation
2024-05-20 14:03:29,772 - utils - INFO - Train Loss: 0.6082, Val Loss: 0.4259, Val Acc: 0.8548
2024-05-20 14:03:29,772 - utils - INFO - Epoch 4/10:
2024-05-20 14:03:56,621 - utils - INFO - Skipped 0 batches during training
2024-05-20 14:04:13,068 - utils - INFO - Skipped 0 batches during validation
2024-05-20 14:04:13,068 - utils - INFO - Train Loss: 0.5481, Val Loss: 0.4006, Val Acc: 0.8641
2024-05-20 14:04:13,068 - utils - INFO - Epoch 5/10:
2024-05-20 14:04:40,120 - utils - INFO - Skipped 0 batches during training
2024-05-20 14:04:56,795 - utils - INFO - Skipped 0 batches during validation
2024-05-20 14:04:56,795 - utils - INFO - Train Loss: 0.3940, Val Loss: 0.3066, Val Acc: 0.8974
2024-05-20 14:04:56,795 - utils - INFO - Epoch 6/10:
2024-05-20 14:05:23,992 - utils - INFO - Skipped 0 batches during training
2024-05-20 14:05:40,441 - utils - INFO - Skipped 0 batches during validation
2024-05-20 14:05:40,442 - utils - INFO - Train Loss: 0.5607, Val Loss: 0.4048, Val Acc: 0.8617
2024-05-20 14:05:40,442 - utils - INFO - Epoch 7/10:
2024-05-20 14:06:07,675 - utils - INFO - Skipped 0 batches during training
2024-05-20 14:06:24,385 - utils - INFO - Skipped 0 batches during validation
2024-05-20 14:06:24,385 - utils - INFO - Train Loss: 0.5009, Val Loss: 0.2178, Val Acc: 0.9274
2024-05-20 14:06:24,385 - utils - INFO - Epoch 8/10:
2024-05-20 14:06:51,311 - utils - INFO - Skipped 0 batches during training
2024-05-20 14:07:08,028 - utils - INFO - Skipped 0 batches during validation
2024-05-20 14:07:08,029 - utils - INFO - Train Loss: 0.4042, Val Loss: 0.1954, Val Acc: 0.9361
2024-05-20 14:07:08,029 - utils - INFO - Epoch 9/10:
2024-05-20 14:07:35,013 - utils - INFO - Skipped 0 batches during training
2024-05-20 14:07:51,867 - utils - INFO - Skipped 0 batches during validation
2024-05-20 14:07:51,867 - utils - INFO - Train Loss: 0.2628, Val Loss: 0.1455, Val Acc: 0.9512
2024-05-20 14:07:51,867 - utils - INFO - Epoch 10/10:
2024-05-20 14:08:19,301 - utils - INFO - Skipped 0 batches during training
2024-05-20 14:08:36,125 - utils - INFO - Skipped 0 batches during validation
2024-05-20 14:08:36,125 - utils - INFO - Train Loss: 0.1924, Val Loss: 0.1187, Val Acc: 0.9602
2024-05-20 14:11:55,338 - utils - INFO - Test Accuracy: 0.8164
2024-05-23 19:17:34,113 - utils - INFO - Epoch 1/10:
2024-05-23 19:25:38,411 - utils - INFO - Skipped 0 batches during training
2024-05-23 19:26:08,007 - utils - INFO - Skipped 0 batches during validation
2024-05-23 19:26:08,008 - utils - INFO - Train Loss: 1.0076, Val Loss: 1.2529, Val Acc: 0.6538
2024-05-23 19:26:08,008 - utils - INFO - Epoch 2/10:
2024-05-23 19:26:34,910 - utils - INFO - Skipped 0 batches during training
2024-05-23 19:26:51,654 - utils - INFO - Skipped 0 batches during validation
2024-05-23 19:26:51,654 - utils - INFO - Train Loss: 0.7231, Val Loss: 0.6020, Val Acc: 0.7958
2024-05-23 19:26:51,654 - utils - INFO - Epoch 3/10:
2024-05-23 19:27:18,166 - utils - INFO - Skipped 0 batches during training
2024-05-23 19:27:34,762 - utils - INFO - Skipped 0 batches during validation
2024-05-23 19:27:34,762 - utils - INFO - Train Loss: 0.5874, Val Loss: 0.4367, Val Acc: 0.8532
2024-05-23 19:27:34,762 - utils - INFO - Epoch 4/10:
2024-05-23 19:28:01,501 - utils - INFO - Skipped 0 batches during training
2024-05-23 19:28:18,317 - utils - INFO - Skipped 0 batches during validation
2024-05-23 19:28:18,317 - utils - INFO - Train Loss: 0.5172, Val Loss: 0.4362, Val Acc: 0.8549
2024-05-23 19:28:18,317 - utils - INFO - Epoch 5/10:
2024-05-23 19:28:45,860 - utils - INFO - Skipped 0 batches during training
2024-05-23 19:29:02,089 - utils - INFO - Skipped 0 batches during validation
2024-05-23 19:29:02,089 - utils - INFO - Train Loss: 0.5771, Val Loss: 0.3492, Val Acc: 0.8825
2024-05-23 19:29:02,089 - utils - INFO - Epoch 6/10:
2024-05-23 19:29:27,145 - utils - INFO - Skipped 0 batches during training
2024-05-23 19:29:42,039 - utils - INFO - Skipped 0 batches during validation
2024-05-23 19:29:42,040 - utils - INFO - Train Loss: 0.3628, Val Loss: 0.2425, Val Acc: 0.9172
2024-05-23 19:29:42,040 - utils - INFO - Epoch 7/10:
2024-05-23 19:30:07,147 - utils - INFO - Skipped 0 batches during training
2024-05-23 19:30:26,441 - utils - INFO - Skipped 0 batches during validation
2024-05-23 19:30:26,441 - utils - INFO - Train Loss: 0.2818, Val Loss: 0.1786, Val Acc: 0.9410
2024-05-23 19:30:26,441 - utils - INFO - Epoch 8/10:
2024-05-23 19:30:54,669 - utils - INFO - Skipped 0 batches during training
2024-05-23 19:31:10,940 - utils - INFO - Skipped 0 batches during validation
2024-05-23 19:31:10,940 - utils - INFO - Train Loss: 0.3985, Val Loss: 0.2001, Val Acc: 0.9373
2024-05-23 19:31:10,940 - utils - INFO - Epoch 9/10:
2024-05-23 19:31:37,689 - utils - INFO - Skipped 0 batches during training
2024-05-23 19:31:54,612 - utils - INFO - Skipped 0 batches during validation
2024-05-23 19:31:54,612 - utils - INFO - Train Loss: 0.2683, Val Loss: 0.4442, Val Acc: 0.8561
2024-05-23 19:31:54,612 - utils - INFO - Epoch 10/10:
2024-05-23 19:32:22,862 - utils - INFO - Skipped 0 batches during training
2024-05-23 19:32:39,450 - utils - INFO - Skipped 0 batches during validation
2024-05-23 19:32:39,450 - utils - INFO - Train Loss: 0.4240, Val Loss: 0.1290, Val Acc: 0.9586
2024-05-23 19:34:21,099 - utils - INFO - Test Accuracy: 0.8242
2024-05-23 19:35:41,910 - utils - INFO - Test Accuracy: 0.8242
2024-05-23 19:36:51,505 - utils - INFO - Splitting dataset into 5 batches and saving to data\batches
2024-05-23 19:40:37,747 - utils - INFO - Epoch 1/10:
2024-05-23 19:43:43,470 - utils - INFO - Skipped 0 batches during training
2024-05-23 19:44:00,292 - utils - INFO - Skipped 0 batches during validation
2024-05-23 19:44:00,292 - utils - INFO - Train Loss: 0.9885, Val Loss: 0.6969, Val Acc: 0.7633
2024-05-23 19:44:00,292 - utils - INFO - Epoch 2/10:
2024-05-23 19:44:27,388 - utils - INFO - Skipped 0 batches during training
2024-05-23 19:44:44,925 - utils - INFO - Skipped 0 batches during validation
2024-05-23 19:44:44,925 - utils - INFO - Train Loss: 0.7670, Val Loss: 0.7134, Val Acc: 0.7879
2024-05-23 19:44:44,926 - utils - INFO - Epoch 3/10:
2024-05-23 19:45:12,751 - utils - INFO - Skipped 0 batches during training
2024-05-23 19:45:29,450 - utils - INFO - Skipped 0 batches during validation
2024-05-23 19:45:29,451 - utils - INFO - Train Loss: 0.6075, Val Loss: 0.4452, Val Acc: 0.8510
2024-05-23 19:45:29,451 - utils - INFO - Epoch 4/10:
2024-05-23 19:45:56,073 - utils - INFO - Skipped 0 batches during training
2024-05-23 19:46:12,401 - utils - INFO - Skipped 0 batches during validation
2024-05-23 19:46:12,402 - utils - INFO - Train Loss: 0.5159, Val Loss: 0.3886, Val Acc: 0.8659
2024-05-23 19:46:12,402 - utils - INFO - Epoch 5/10:
2024-05-23 19:46:38,930 - utils - INFO - Skipped 0 batches during training
2024-05-23 19:46:55,513 - utils - INFO - Skipped 0 batches during validation
2024-05-23 19:46:55,514 - utils - INFO - Train Loss: 0.3991, Val Loss: 0.2648, Val Acc: 0.9129
2024-05-23 19:46:55,514 - utils - INFO - Epoch 6/10:
2024-05-23 19:47:22,073 - utils - INFO - Skipped 0 batches during training
2024-05-23 19:47:38,345 - utils - INFO - Skipped 0 batches during validation
2024-05-23 19:47:38,346 - utils - INFO - Train Loss: 0.4890, Val Loss: 0.5846, Val Acc: 0.8026
2024-05-23 19:47:38,346 - utils - INFO - Epoch 7/10:
2024-05-23 19:48:04,717 - utils - INFO - Skipped 0 batches during training
2024-05-23 19:48:22,322 - utils - INFO - Skipped 0 batches during validation
2024-05-23 19:48:22,322 - utils - INFO - Train Loss: 0.4200, Val Loss: 0.1887, Val Acc: 0.9375
2024-05-23 19:48:22,322 - utils - INFO - Epoch 8/10:
2024-05-23 19:48:48,905 - utils - INFO - Skipped 0 batches during training
2024-05-23 19:49:05,323 - utils - INFO - Skipped 0 batches during validation
2024-05-23 19:49:05,323 - utils - INFO - Train Loss: 0.2597, Val Loss: 0.1557, Val Acc: 0.9483
2024-05-23 19:49:05,323 - utils - INFO - Epoch 9/10:
2024-05-23 19:49:32,426 - utils - INFO - Skipped 0 batches during training
2024-05-23 19:49:48,866 - utils - INFO - Skipped 0 batches during validation
2024-05-23 19:49:48,867 - utils - INFO - Train Loss: 0.3423, Val Loss: 0.2318, Val Acc: 0.9223
2024-05-23 19:49:48,867 - utils - INFO - Epoch 10/10:
2024-05-23 19:50:15,240 - utils - INFO - Skipped 0 batches during training
2024-05-23 19:50:31,806 - utils - INFO - Skipped 0 batches during validation
2024-05-23 19:50:31,806 - utils - INFO - Train Loss: 0.2259, Val Loss: 0.0914, Val Acc: 0.9722
2024-05-23 19:56:46,545 - utils - INFO - Epoch 1/10:
2024-05-23 19:57:48,412 - utils - INFO - Epoch 1/10:
2024-05-23 20:02:09,817 - utils - INFO - Skipped 0 batches during training
2024-05-23 20:02:20,101 - utils - INFO - Skipped 0 batches during validation
2024-05-23 20:02:20,101 - utils - INFO - Train Loss: 1.1610, Val Loss: 1.1325, Val Acc: 0.6436
2024-05-23 20:02:20,103 - utils - INFO - Epoch 2/10:
2024-05-23 20:02:35,985 - utils - INFO - Skipped 0 batches during training
2024-05-23 20:02:46,039 - utils - INFO - Skipped 0 batches during validation
2024-05-23 20:02:46,039 - utils - INFO - Train Loss: 0.7950, Val Loss: 0.6028, Val Acc: 0.7923
2024-05-23 20:02:46,039 - utils - INFO - Epoch 3/10:
2024-05-23 20:03:02,104 - utils - INFO - Skipped 0 batches during training
2024-05-23 20:03:11,778 - utils - INFO - Skipped 0 batches during validation
2024-05-23 20:03:11,778 - utils - INFO - Train Loss: 0.6352, Val Loss: 0.4984, Val Acc: 0.8340
2024-05-23 20:03:11,778 - utils - INFO - Epoch 4/10:
2024-05-23 20:03:27,972 - utils - INFO - Skipped 0 batches during training
2024-05-23 20:03:37,750 - utils - INFO - Skipped 0 batches during validation
2024-05-23 20:03:37,750 - utils - INFO - Train Loss: 0.6481, Val Loss: 0.4342, Val Acc: 0.8557
2024-05-23 20:03:37,750 - utils - INFO - Epoch 5/10:
2024-05-23 20:03:53,474 - utils - INFO - Skipped 0 batches during training
2024-05-23 20:04:03,714 - utils - INFO - Skipped 0 batches during validation
2024-05-23 20:04:03,714 - utils - INFO - Train Loss: 0.5320, Val Loss: 0.4168, Val Acc: 0.8612
2024-05-23 20:04:03,714 - utils - INFO - Epoch 6/10:
2024-05-23 20:04:19,937 - utils - INFO - Skipped 0 batches during training
2024-05-23 20:04:29,696 - utils - INFO - Skipped 0 batches during validation
2024-05-23 20:04:29,696 - utils - INFO - Train Loss: 0.7943, Val Loss: 0.4771, Val Acc: 0.8388
2024-05-23 20:04:29,696 - utils - INFO - Epoch 7/10:
2024-05-23 20:04:45,562 - utils - INFO - Skipped 0 batches during training
2024-05-23 20:04:55,678 - utils - INFO - Skipped 0 batches during validation
2024-05-23 20:04:55,679 - utils - INFO - Train Loss: 0.4346, Val Loss: 0.2448, Val Acc: 0.9238
2024-05-23 20:04:55,679 - utils - INFO - Epoch 8/10:
2024-05-23 20:05:11,374 - utils - INFO - Skipped 0 batches during training
2024-05-23 20:05:21,545 - utils - INFO - Skipped 0 batches during validation
2024-05-23 20:05:21,545 - utils - INFO - Train Loss: 0.4704, Val Loss: 0.4975, Val Acc: 0.8288
2024-05-23 20:05:21,545 - utils - INFO - Epoch 9/10:
2024-05-23 20:05:37,321 - utils - INFO - Skipped 0 batches during training
2024-05-23 20:05:47,377 - utils - INFO - Skipped 0 batches during validation
2024-05-23 20:05:47,378 - utils - INFO - Train Loss: 0.6026, Val Loss: 0.2737, Val Acc: 0.9126
2024-05-23 20:05:47,378 - utils - INFO - Epoch 10/10:
2024-05-23 20:06:03,399 - utils - INFO - Skipped 0 batches during training
2024-05-23 20:06:13,151 - utils - INFO - Skipped 0 batches during validation
2024-05-23 20:06:13,152 - utils - INFO - Train Loss: 0.2902, Val Loss: 0.1510, Val Acc: 0.9521
2024-05-23 20:31:06,765 - utils - INFO - Splitting dataset into 5 batches and saving to data\batches
2024-05-23 21:47:29,661 - utils - INFO - Splitting dataset into 5 batches and saving to data\batches
2024-05-23 21:59:21,615 - utils - INFO - Epoch 1/10:
2024-05-23 22:07:31,554 - utils - INFO - Skipped 0 batches during training
2024-05-23 22:07:47,905 - utils - INFO - Skipped 0 batches during validation
2024-05-23 22:07:47,905 - utils - INFO - Train Loss: 1.0374, Val Loss: 0.7486, Val Acc: 0.7452
2024-05-23 22:07:47,905 - utils - INFO - Epoch 2/10:
2024-05-23 22:08:14,432 - utils - INFO - Skipped 0 batches during training
2024-05-23 22:08:30,907 - utils - INFO - Skipped 0 batches during validation
2024-05-23 22:08:30,907 - utils - INFO - Train Loss: 0.8714, Val Loss: 0.7487, Val Acc: 0.7420
2024-05-23 22:08:30,907 - utils - INFO - Epoch 3/10:
2024-05-23 22:08:57,148 - utils - INFO - Skipped 0 batches during training
2024-05-23 22:09:13,289 - utils - INFO - Skipped 0 batches during validation
2024-05-23 22:09:13,290 - utils - INFO - Train Loss: 0.6933, Val Loss: 0.5640, Val Acc: 0.8116
2024-05-23 22:09:13,290 - utils - INFO - Epoch 4/10:
2024-05-23 22:09:39,758 - utils - INFO - Skipped 0 batches during training
2024-05-23 22:09:56,732 - utils - INFO - Skipped 0 batches during validation
2024-05-23 22:09:56,732 - utils - INFO - Train Loss: 0.5808, Val Loss: 0.4074, Val Acc: 0.8634
2024-05-23 22:09:56,733 - utils - INFO - Epoch 5/10:
2024-05-23 22:10:23,071 - utils - INFO - Skipped 0 batches during training
2024-05-23 22:10:39,307 - utils - INFO - Skipped 0 batches during validation
2024-05-23 22:10:39,308 - utils - INFO - Train Loss: 0.5063, Val Loss: 0.4570, Val Acc: 0.8441
2024-05-23 22:10:39,308 - utils - INFO - Epoch 6/10:
2024-05-23 22:11:06,351 - utils - INFO - Skipped 0 batches during training
2024-05-23 22:11:22,731 - utils - INFO - Skipped 0 batches during validation
2024-05-23 22:11:22,731 - utils - INFO - Train Loss: 0.6395, Val Loss: 0.6855, Val Acc: 0.7608
2024-05-23 22:11:22,732 - utils - INFO - Epoch 7/10:
2024-05-23 22:11:49,642 - utils - INFO - Skipped 0 batches during training
2024-05-23 22:12:05,993 - utils - INFO - Skipped 0 batches during validation
2024-05-23 22:12:05,994 - utils - INFO - Train Loss: 0.6152, Val Loss: 0.3165, Val Acc: 0.8951
2024-05-23 22:12:05,994 - utils - INFO - Epoch 8/10:
2024-05-23 22:12:32,755 - utils - INFO - Skipped 0 batches during training
2024-05-23 22:12:49,293 - utils - INFO - Skipped 0 batches during validation
2024-05-23 22:12:49,293 - utils - INFO - Train Loss: 0.3507, Val Loss: 0.2330, Val Acc: 0.9262
2024-05-23 22:12:49,294 - utils - INFO - Epoch 9/10:
2024-05-23 22:13:15,759 - utils - INFO - Skipped 0 batches during training
2024-05-23 22:13:32,695 - utils - INFO - Skipped 0 batches during validation
2024-05-23 22:13:32,697 - utils - INFO - Train Loss: 0.2657, Val Loss: 0.1582, Val Acc: 0.9496
2024-05-23 22:13:32,697 - utils - INFO - Epoch 10/10:
2024-05-23 22:13:59,834 - utils - INFO - Skipped 0 batches during training
2024-05-23 22:14:16,164 - utils - INFO - Skipped 0 batches during validation
2024-05-23 22:14:16,164 - utils - INFO - Train Loss: 0.3289, Val Loss: 0.1858, Val Acc: 0.9386
2024-05-23 22:17:18,611 - utils - INFO - Test Accuracy: 0.8067
2024-05-23 22:23:15,454 - utils - INFO - Splitting dataset into 5 batches and saving to data\batches
2024-05-23 22:32:23,050 - utils - INFO - Splitting dataset into 5 batches and saving to data\batches
2024-05-23 23:18:10,874 - utils - INFO - Epoch 1/10:
2024-05-23 23:22:17,000 - utils - INFO - Skipped 0 batches during training
2024-05-23 23:22:28,175 - utils - INFO - Skipped 0 batches during validation
2024-05-23 23:22:28,176 - utils - INFO - Train Loss: 1.1255, Val Loss: 1.0776, Val Acc: 0.6299
2024-05-23 23:22:28,176 - utils - INFO - Epoch 2/10:
2024-05-23 23:22:48,075 - utils - INFO - Skipped 0 batches during training
2024-05-23 23:22:59,698 - utils - INFO - Skipped 0 batches during validation
2024-05-23 23:22:59,699 - utils - INFO - Train Loss: 0.8433, Val Loss: 0.6161, Val Acc: 0.7894
2024-05-23 23:22:59,699 - utils - INFO - Epoch 3/10:
2024-05-23 23:23:17,282 - utils - INFO - Skipped 0 batches during training
2024-05-23 23:23:28,807 - utils - INFO - Skipped 0 batches during validation
2024-05-23 23:23:28,808 - utils - INFO - Train Loss: 0.6442, Val Loss: 0.5017, Val Acc: 0.8341
2024-05-23 23:23:28,808 - utils - INFO - Epoch 4/10:
2024-05-23 23:23:46,080 - utils - INFO - Skipped 0 batches during training
2024-05-23 23:23:57,276 - utils - INFO - Skipped 0 batches during validation
2024-05-23 23:23:57,277 - utils - INFO - Train Loss: 0.7141, Val Loss: 0.3817, Val Acc: 0.8722
2024-05-23 23:23:57,277 - utils - INFO - Epoch 5/10:
2024-05-23 23:24:14,656 - utils - INFO - Skipped 0 batches during training
2024-05-23 23:24:26,380 - utils - INFO - Skipped 0 batches during validation
2024-05-23 23:24:26,381 - utils - INFO - Train Loss: 0.4444, Val Loss: 0.2865, Val Acc: 0.9028
2024-05-23 23:24:26,381 - utils - INFO - Epoch 6/10:
2024-05-23 23:24:45,638 - utils - INFO - Skipped 0 batches during training
2024-05-23 23:24:58,078 - utils - INFO - Skipped 0 batches during validation
2024-05-23 23:24:58,078 - utils - INFO - Train Loss: 0.5569, Val Loss: 0.4825, Val Acc: 0.8442
2024-05-23 23:24:58,078 - utils - INFO - Epoch 7/10:
2024-05-23 23:25:16,909 - utils - INFO - Skipped 0 batches during training
2024-05-23 23:25:28,208 - utils - INFO - Skipped 0 batches during validation
2024-05-23 23:25:28,209 - utils - INFO - Train Loss: 1.0444, Val Loss: 0.7792, Val Acc: 0.7425
2024-05-23 23:25:28,209 - utils - INFO - Epoch 8/10:
2024-05-23 23:25:46,525 - utils - INFO - Skipped 0 batches during training
2024-05-23 23:25:59,009 - utils - INFO - Skipped 0 batches during validation
2024-05-23 23:25:59,010 - utils - INFO - Train Loss: 0.7555, Val Loss: 0.4559, Val Acc: 0.8497
2024-05-23 23:25:59,010 - utils - INFO - Epoch 9/10:
2024-05-23 23:26:15,663 - utils - INFO - Skipped 0 batches during training
2024-05-23 23:26:26,500 - utils - INFO - Skipped 0 batches during validation
2024-05-23 23:26:26,500 - utils - INFO - Train Loss: 0.4727, Val Loss: 0.3518, Val Acc: 0.8858
2024-05-23 23:26:26,500 - utils - INFO - Epoch 10/10:
2024-05-23 23:26:43,626 - utils - INFO - Skipped 0 batches during training
2024-05-23 23:26:57,479 - utils - INFO - Skipped 0 batches during validation
2024-05-23 23:26:57,479 - utils - INFO - Train Loss: 0.4356, Val Loss: 0.4626, Val Acc: 0.8389
2024-05-23 23:26:57,479 - utils - INFO - Early stopping triggered. Training stopped.
2024-05-23 23:29:58,336 - utils - INFO - Test Accuracy: 0.7232
2024-05-24 13:25:04,207 - utils - INFO - Epoch 1/10:
2024-05-24 13:41:34,020 - utils - INFO - Skipped 0 batches during training
2024-05-24 13:41:49,970 - utils - INFO - Skipped 0 batches during validation
2024-05-24 13:41:49,970 - utils - INFO - Train Loss: 1.0907, Val Loss: 0.8465, Val Acc: 0.7071
2024-05-24 13:41:49,970 - utils - INFO - Epoch 2/10:
2024-05-24 13:42:15,425 - utils - INFO - Skipped 0 batches during training
2024-05-24 13:42:30,849 - utils - INFO - Skipped 0 batches during validation
2024-05-24 13:42:30,849 - utils - INFO - Train Loss: 0.8182, Val Loss: 0.5788, Val Acc: 0.8012
2024-05-24 13:42:30,849 - utils - INFO - Epoch 3/10:
2024-05-24 13:42:56,154 - utils - INFO - Skipped 0 batches during training
2024-05-24 13:43:11,983 - utils - INFO - Skipped 0 batches during validation
2024-05-24 13:43:11,983 - utils - INFO - Train Loss: 0.6897, Val Loss: 0.5319, Val Acc: 0.8175
2024-05-24 13:43:11,983 - utils - INFO - Epoch 4/10:
2024-05-24 13:43:37,107 - utils - INFO - Skipped 0 batches during training
2024-05-24 13:43:52,911 - utils - INFO - Skipped 0 batches during validation
2024-05-24 13:43:52,911 - utils - INFO - Train Loss: 0.5298, Val Loss: 0.3672, Val Acc: 0.8776
2024-05-24 13:43:52,911 - utils - INFO - Epoch 5/10:
2024-05-24 13:44:18,277 - utils - INFO - Skipped 0 batches during training
2024-05-24 13:44:33,723 - utils - INFO - Skipped 0 batches during validation
2024-05-24 13:44:33,725 - utils - INFO - Train Loss: 0.4921, Val Loss: 0.3232, Val Acc: 0.8910
2024-05-24 13:44:33,725 - utils - INFO - Epoch 6/10:
2024-05-24 13:44:59,140 - utils - INFO - Skipped 0 batches during training
2024-05-24 13:45:14,991 - utils - INFO - Skipped 0 batches during validation
2024-05-24 13:45:14,991 - utils - INFO - Train Loss: 0.4868, Val Loss: 1.0607, Val Acc: 0.6677
2024-05-24 13:45:14,991 - utils - INFO - Epoch 7/10:
2024-05-24 13:45:40,043 - utils - INFO - Skipped 0 batches during training
2024-05-24 13:45:55,740 - utils - INFO - Skipped 0 batches during validation
2024-05-24 13:45:55,740 - utils - INFO - Train Loss: 0.7014, Val Loss: 0.3064, Val Acc: 0.9014
2024-05-24 13:45:55,740 - utils - INFO - Epoch 8/10:
2024-05-24 13:46:21,321 - utils - INFO - Skipped 0 batches during training
2024-05-24 13:46:36,657 - utils - INFO - Skipped 0 batches during validation
2024-05-24 13:46:36,659 - utils - INFO - Train Loss: 0.3353, Val Loss: 0.1896, Val Acc: 0.9397
2024-05-24 13:46:36,659 - utils - INFO - Epoch 9/10:
2024-05-24 13:47:02,058 - utils - INFO - Skipped 0 batches during training
2024-05-24 13:47:17,949 - utils - INFO - Skipped 0 batches during validation
2024-05-24 13:47:17,950 - utils - INFO - Train Loss: 0.2420, Val Loss: 0.1779, Val Acc: 0.9389
2024-05-24 13:47:17,950 - utils - INFO - Epoch 10/10:
2024-05-24 13:47:43,467 - utils - INFO - Skipped 0 batches during training
2024-05-24 13:47:58,977 - utils - INFO - Skipped 0 batches during validation
2024-05-24 13:47:58,978 - utils - INFO - Train Loss: 0.2917, Val Loss: 0.1558, Val Acc: 0.9467
2024-05-24 13:50:19,852 - utils - INFO - Test Accuracy: 0.8087
2024-05-24 14:10:14,236 - utils - INFO - Epoch 1/10:
2024-05-24 14:28:13,526 - utils - INFO - Skipped 0 batches during training
2024-05-24 14:28:35,143 - utils - INFO - Skipped 0 batches during validation
2024-05-24 14:28:35,143 - utils - INFO - Train Loss: 1.0702, Val Loss: 0.7444, Val Acc: 0.7504
2024-05-24 14:28:35,143 - utils - INFO - Epoch 2/10:
2024-05-24 14:29:04,739 - utils - INFO - Skipped 0 batches during training
2024-05-24 14:29:21,574 - utils - INFO - Skipped 0 batches during validation
2024-05-24 14:29:21,574 - utils - INFO - Train Loss: 0.9291, Val Loss: 0.6970, Val Acc: 0.7590
2024-05-24 14:29:21,574 - utils - INFO - Epoch 3/10:
2024-05-24 14:29:52,061 - utils - INFO - Skipped 0 batches during training
2024-05-24 14:30:13,563 - utils - INFO - Skipped 0 batches during validation
2024-05-24 14:30:13,564 - utils - INFO - Train Loss: 0.6540, Val Loss: 0.4617, Val Acc: 0.8436
2024-05-24 14:30:13,564 - utils - INFO - Epoch 4/10:
2024-05-24 14:38:05,110 - utils - INFO - Skipped 0 batches during training
2024-05-24 14:38:33,168 - utils - INFO - Skipped 0 batches during validation
2024-05-24 14:38:33,169 - utils - INFO - Train Loss: 0.5182, Val Loss: 0.6176, Val Acc: 0.7842
2024-05-24 14:38:33,169 - utils - INFO - Epoch 5/10:
2024-05-24 14:38:58,068 - utils - INFO - Skipped 0 batches during training
2024-05-24 14:39:13,580 - utils - INFO - Skipped 0 batches during validation
2024-05-24 14:39:13,580 - utils - INFO - Train Loss: 0.4479, Val Loss: 0.3658, Val Acc: 0.8763
2024-05-24 14:39:13,580 - utils - INFO - Epoch 6/10:
2024-05-24 14:39:38,429 - utils - INFO - Skipped 0 batches during training
2024-05-24 14:39:54,858 - utils - INFO - Skipped 0 batches during validation
2024-05-24 14:39:54,858 - utils - INFO - Train Loss: 0.5123, Val Loss: 1.1229, Val Acc: 0.6290
2024-05-24 14:39:54,858 - utils - INFO - Epoch 7/10:
2024-05-24 14:40:20,017 - utils - INFO - Skipped 0 batches during training
2024-05-24 14:40:35,258 - utils - INFO - Skipped 0 batches during validation
2024-05-24 14:40:35,258 - utils - INFO - Train Loss: 0.4968, Val Loss: 0.2054, Val Acc: 0.9351
2024-05-24 14:40:35,258 - utils - INFO - Epoch 8/10:
2024-05-24 14:41:00,223 - utils - INFO - Skipped 0 batches during training
2024-05-24 14:41:17,075 - utils - INFO - Skipped 0 batches during validation
2024-05-24 14:41:17,076 - utils - INFO - Train Loss: 0.3404, Val Loss: 0.3157, Val Acc: 0.8936
2024-05-24 14:41:17,076 - utils - INFO - Epoch 9/10:
2024-05-24 14:41:43,284 - utils - INFO - Skipped 0 batches during training
2024-05-24 14:41:58,338 - utils - INFO - Skipped 0 batches during validation
2024-05-24 14:41:58,339 - utils - INFO - Train Loss: 0.2546, Val Loss: 0.1629, Val Acc: 0.9445
2024-05-24 14:41:58,339 - utils - INFO - Epoch 10/10:
2024-05-24 14:42:23,237 - utils - INFO - Skipped 0 batches during training
2024-05-24 14:42:38,489 - utils - INFO - Skipped 0 batches during validation
2024-05-24 14:42:38,490 - utils - INFO - Train Loss: 0.1970, Val Loss: 0.1251, Val Acc: 0.9587
2024-05-24 14:44:53,440 - utils - INFO - Splitting dataset into 5 batches and saving to data\batches
2024-05-24 16:13:59,291 - utils - INFO - Splitting dataset into 5 batches and saving to data\batches
2024-05-24 16:48:16,255 - utils - INFO - Epoch 1/10:
2024-05-24 16:59:38,240 - utils - INFO - Skipped 0 batches during training
2024-05-24 17:02:19,959 - utils - INFO - Skipped 0 batches during validation
2024-05-24 17:02:19,963 - utils - INFO - Train Loss: 1.1380, Val Loss: 1.2922, Val Acc: 0.6068
2024-05-24 17:02:19,964 - utils - INFO - Epoch 2/10:
2024-05-24 17:02:46,977 - utils - INFO - Skipped 0 batches during training
2024-05-24 17:03:03,891 - utils - INFO - Skipped 0 batches during validation
2024-05-24 17:03:03,892 - utils - INFO - Train Loss: 0.7718, Val Loss: 0.5211, Val Acc: 0.8206
2024-05-24 17:03:03,892 - utils - INFO - Epoch 3/10:
2024-05-24 17:03:31,436 - utils - INFO - Skipped 0 batches during training
2024-05-24 17:03:51,087 - utils - INFO - Skipped 0 batches during validation
2024-05-24 17:03:51,087 - utils - INFO - Train Loss: 0.6314, Val Loss: 0.4892, Val Acc: 0.8300
2024-05-24 17:03:51,088 - utils - INFO - Epoch 4/10:
2024-05-24 17:04:18,186 - utils - INFO - Skipped 0 batches during training
2024-05-24 17:04:36,619 - utils - INFO - Skipped 0 batches during validation
2024-05-24 17:04:36,620 - utils - INFO - Train Loss: 0.6306, Val Loss: 0.4434, Val Acc: 0.8508
2024-05-24 17:04:36,620 - utils - INFO - Epoch 5/10:
2024-05-24 17:05:06,795 - utils - INFO - Skipped 0 batches during training
2024-05-24 17:05:24,143 - utils - INFO - Skipped 0 batches during validation
2024-05-24 17:05:24,145 - utils - INFO - Train Loss: 0.5437, Val Loss: 0.3732, Val Acc: 0.8733
2024-05-24 17:05:24,146 - utils - INFO - Epoch 6/10:
2024-05-24 17:05:51,933 - utils - INFO - Skipped 0 batches during training
2024-05-24 17:06:08,456 - utils - INFO - Skipped 0 batches during validation
2024-05-24 17:06:08,457 - utils - INFO - Train Loss: 0.4543, Val Loss: 0.4946, Val Acc: 0.8379
2024-05-24 17:06:08,457 - utils - INFO - Epoch 7/10:
2024-05-24 17:06:34,954 - utils - INFO - Skipped 0 batches during training
2024-05-24 17:06:51,525 - utils - INFO - Skipped 0 batches during validation
2024-05-24 17:06:51,525 - utils - INFO - Train Loss: 0.3615, Val Loss: 0.2234, Val Acc: 0.9230
2024-05-24 17:06:51,527 - utils - INFO - Epoch 8/10:
2024-05-24 17:07:17,699 - utils - INFO - Skipped 0 batches during training
2024-05-24 17:07:34,395 - utils - INFO - Skipped 0 batches during validation
2024-05-24 17:07:34,395 - utils - INFO - Train Loss: 0.3418, Val Loss: 0.2506, Val Acc: 0.9165
2024-05-24 17:07:34,396 - utils - INFO - Epoch 9/10:
2024-05-24 17:08:01,326 - utils - INFO - Skipped 0 batches during training
2024-05-24 17:08:17,931 - utils - INFO - Skipped 0 batches during validation
2024-05-24 17:08:17,931 - utils - INFO - Train Loss: 0.8386, Val Loss: 1.1493, Val Acc: 0.6836
2024-05-24 17:08:17,931 - utils - INFO - Epoch 10/10:
2024-05-24 17:08:45,063 - utils - INFO - Skipped 0 batches during training
2024-05-24 17:09:02,019 - utils - INFO - Skipped 0 batches during validation
2024-05-24 17:09:02,020 - utils - INFO - Train Loss: 0.6988, Val Loss: 0.3998, Val Acc: 0.8661
2024-05-24 17:12:37,706 - utils - INFO - Epoch 1/10:
2024-05-24 17:24:26,479 - utils - INFO - Skipped 0 batches during training
2024-05-24 17:24:43,944 - utils - INFO - Skipped 0 batches during validation
2024-05-24 17:24:43,944 - utils - INFO - Train Loss: 1.0056, Val Loss: 0.7431, Val Acc: 0.7486
2024-05-24 17:24:43,944 - utils - INFO - Epoch 2/10:
2024-05-24 17:25:08,564 - utils - INFO - Skipped 0 batches during training
2024-05-24 17:25:24,384 - utils - INFO - Skipped 0 batches during validation
2024-05-24 17:25:24,385 - utils - INFO - Train Loss: 0.6743, Val Loss: 0.5216, Val Acc: 0.8284
2024-05-24 17:25:24,385 - utils - INFO - Epoch 3/10:
2024-05-24 17:25:48,956 - utils - INFO - Skipped 0 batches during training
2024-05-24 17:26:04,089 - utils - INFO - Skipped 0 batches during validation
2024-05-24 17:26:04,089 - utils - INFO - Train Loss: 0.6106, Val Loss: 0.3895, Val Acc: 0.8698
2024-05-24 17:26:04,089 - utils - INFO - Epoch 4/10:
2024-05-24 17:26:28,545 - utils - INFO - Skipped 0 batches during training
2024-05-24 17:26:43,566 - utils - INFO - Skipped 0 batches during validation
2024-05-24 17:26:43,566 - utils - INFO - Train Loss: 0.4788, Val Loss: 0.4130, Val Acc: 0.8650
2024-05-24 17:26:43,566 - utils - INFO - Epoch 5/10:
2024-05-24 17:27:08,034 - utils - INFO - Skipped 0 batches during training
2024-05-24 17:27:23,144 - utils - INFO - Skipped 0 batches during validation
2024-05-24 17:27:23,144 - utils - INFO - Train Loss: 0.4479, Val Loss: 0.2547, Val Acc: 0.9163
2024-05-24 17:27:23,144 - utils - INFO - Epoch 6/10:
2024-05-24 17:27:47,593 - utils - INFO - Skipped 0 batches during training
2024-05-24 17:28:02,633 - utils - INFO - Skipped 0 batches during validation
2024-05-24 17:28:02,633 - utils - INFO - Train Loss: 0.5331, Val Loss: 0.4498, Val Acc: 0.8476
2024-05-24 17:28:02,634 - utils - INFO - Epoch 7/10:
2024-05-24 17:28:27,163 - utils - INFO - Skipped 0 batches during training
2024-05-24 17:28:42,253 - utils - INFO - Skipped 0 batches during validation
2024-05-24 17:28:42,254 - utils - INFO - Train Loss: 0.4057, Val Loss: 0.1984, Val Acc: 0.9343
2024-05-24 17:28:42,254 - utils - INFO - Epoch 8/10:
2024-05-24 17:29:06,684 - utils - INFO - Skipped 0 batches during training
2024-05-24 17:29:21,667 - utils - INFO - Skipped 0 batches during validation
2024-05-24 17:29:21,667 - utils - INFO - Train Loss: 0.2381, Val Loss: 0.1339, Val Acc: 0.9559
2024-05-24 17:29:21,667 - utils - INFO - Epoch 9/10:
2024-05-24 17:29:46,356 - utils - INFO - Skipped 0 batches during training
2024-05-24 17:30:01,314 - utils - INFO - Skipped 0 batches during validation
2024-05-24 17:30:01,314 - utils - INFO - Train Loss: 0.1967, Val Loss: 0.1348, Val Acc: 0.9552
2024-05-24 17:30:01,315 - utils - INFO - Epoch 10/10:
2024-05-24 17:30:25,701 - utils - INFO - Skipped 0 batches during training
2024-05-24 17:30:40,776 - utils - INFO - Skipped 0 batches during validation
2024-05-24 17:30:40,777 - utils - INFO - Train Loss: 0.1764, Val Loss: 0.1139, Val Acc: 0.9621
2024-05-24 17:41:19,991 - utils - INFO - Epoch 1/10:
2024-05-24 17:54:10,409 - utils - INFO - Skipped 0 batches during training
2024-05-24 17:59:12,960 - utils - INFO - Skipped 0 batches during validation
2024-05-24 17:59:12,962 - utils - INFO - Train Loss: 1.0064, Val Loss: 0.7794, Val Acc: 0.7311
2024-05-24 17:59:12,962 - utils - INFO - Epoch 2/10:
2024-05-24 17:59:39,128 - utils - INFO - Skipped 0 batches during training
2024-05-24 17:59:55,196 - utils - INFO - Skipped 0 batches during validation
2024-05-24 17:59:55,196 - utils - INFO - Train Loss: 0.7002, Val Loss: 0.9234, Val Acc: 0.6967
2024-05-24 17:59:55,197 - utils - INFO - Epoch 3/10:
2024-05-24 18:00:21,254 - utils - INFO - Skipped 0 batches during training
2024-05-24 18:00:37,422 - utils - INFO - Skipped 0 batches during validation
2024-05-24 18:00:37,423 - utils - INFO - Train Loss: 0.5602, Val Loss: 0.4129, Val Acc: 0.8608
2024-05-24 18:00:37,423 - utils - INFO - Epoch 4/10:
2024-05-24 18:01:01,860 - utils - INFO - Skipped 0 batches during training
2024-05-24 18:01:16,911 - utils - INFO - Skipped 0 batches during validation
2024-05-24 18:01:16,911 - utils - INFO - Train Loss: 0.5735, Val Loss: 0.3446, Val Acc: 0.8841
2024-05-24 18:01:16,911 - utils - INFO - Epoch 5/10:
2024-05-24 18:01:41,388 - utils - INFO - Skipped 0 batches during training
2024-05-24 18:01:56,421 - utils - INFO - Skipped 0 batches during validation
2024-05-24 18:01:56,421 - utils - INFO - Train Loss: 0.4168, Val Loss: 0.2596, Val Acc: 0.9144
2024-05-24 18:01:56,421 - utils - INFO - Epoch 6/10:
2024-05-24 18:02:20,723 - utils - INFO - Skipped 0 batches during training
2024-05-24 18:02:35,858 - utils - INFO - Skipped 0 batches during validation
2024-05-24 18:02:35,858 - utils - INFO - Train Loss: 0.3998, Val Loss: 1.7054, Val Acc: 0.5587
2024-05-24 18:02:35,858 - utils - INFO - Epoch 7/10:
2024-05-24 18:03:00,128 - utils - INFO - Skipped 0 batches during training
2024-05-24 18:03:15,164 - utils - INFO - Skipped 0 batches during validation
2024-05-24 18:03:15,164 - utils - INFO - Train Loss: 0.5796, Val Loss: 0.2877, Val Acc: 0.9170
2024-05-24 18:03:15,165 - utils - INFO - Epoch 8/10:
2024-05-24 18:03:39,436 - utils - INFO - Skipped 0 batches during training
2024-05-24 18:03:54,319 - utils - INFO - Skipped 0 batches during validation
2024-05-24 18:03:54,320 - utils - INFO - Train Loss: 0.2808, Val Loss: 0.1490, Val Acc: 0.9549
2024-05-24 18:03:54,320 - utils - INFO - Epoch 9/10:
2024-05-24 18:04:18,702 - utils - INFO - Skipped 0 batches during training
2024-05-24 18:04:33,702 - utils - INFO - Skipped 0 batches during validation
2024-05-24 18:04:33,702 - utils - INFO - Train Loss: 0.2047, Val Loss: 0.1231, Val Acc: 0.9593
2024-05-24 18:04:33,704 - utils - INFO - Epoch 10/10:
2024-05-24 18:04:58,100 - utils - INFO - Skipped 0 batches during training
2024-05-24 18:05:13,023 - utils - INFO - Skipped 0 batches during validation
2024-05-24 18:05:13,023 - utils - INFO - Train Loss: 0.2283, Val Loss: 0.4660, Val Acc: 0.8689
2024-05-24 18:08:39,788 - utils - INFO - Epoch 1/10:
2024-05-24 18:19:58,024 - utils - INFO - Skipped 0 batches during training
2024-05-24 18:20:13,547 - utils - INFO - Skipped 0 batches during validation
2024-05-24 18:20:13,547 - utils - INFO - Train Loss: 1.0622, Val Loss: 0.9311, Val Acc: 0.6980
2024-05-24 18:20:13,547 - utils - INFO - Epoch 2/10:
2024-05-24 18:20:38,187 - utils - INFO - Skipped 0 batches during training
2024-05-24 18:20:53,361 - utils - INFO - Skipped 0 batches during validation
2024-05-24 18:20:53,362 - utils - INFO - Train Loss: 0.7281, Val Loss: 0.6166, Val Acc: 0.8100
2024-05-24 18:20:53,362 - utils - INFO - Epoch 3/10:
2024-05-24 18:21:18,078 - utils - INFO - Skipped 0 batches during training
2024-05-24 18:21:33,156 - utils - INFO - Skipped 0 batches during validation
2024-05-24 18:21:33,158 - utils - INFO - Train Loss: 0.5820, Val Loss: 0.4300, Val Acc: 0.8569
2024-05-24 18:21:33,158 - utils - INFO - Epoch 4/10:
2024-05-24 18:21:57,858 - utils - INFO - Skipped 0 batches during training
2024-05-24 18:22:12,961 - utils - INFO - Skipped 0 batches during validation
2024-05-24 18:22:12,962 - utils - INFO - Train Loss: 0.4686, Val Loss: 0.3793, Val Acc: 0.8735
2024-05-24 18:22:12,962 - utils - INFO - Epoch 5/10:
2024-05-24 18:22:37,606 - utils - INFO - Skipped 0 batches during training
2024-05-24 18:22:52,872 - utils - INFO - Skipped 0 batches during validation
2024-05-24 18:22:52,873 - utils - INFO - Train Loss: 0.4679, Val Loss: 2.9698, Val Acc: 0.3105
2024-05-24 18:22:52,873 - utils - INFO - Epoch 6/10:
2024-05-24 18:23:17,552 - utils - INFO - Skipped 0 batches during training
2024-05-24 18:23:32,673 - utils - INFO - Skipped 0 batches during validation
2024-05-24 18:23:32,673 - utils - INFO - Train Loss: 0.7640, Val Loss: 0.3328, Val Acc: 0.8906
2024-05-24 18:23:32,673 - utils - INFO - Epoch 7/10:
2024-05-24 18:23:57,393 - utils - INFO - Skipped 0 batches during training
2024-05-24 18:24:12,477 - utils - INFO - Skipped 0 batches during validation
2024-05-24 18:24:12,478 - utils - INFO - Train Loss: 0.3913, Val Loss: 0.2204, Val Acc: 0.9297
2024-05-24 18:24:12,478 - utils - INFO - Epoch 8/10:
2024-05-24 18:24:37,295 - utils - INFO - Skipped 0 batches during training
2024-05-24 18:24:54,124 - utils - INFO - Skipped 0 batches during validation
2024-05-24 18:24:54,125 - utils - INFO - Train Loss: 0.3223, Val Loss: 0.2014, Val Acc: 0.9341
2024-05-24 18:24:54,125 - utils - INFO - Epoch 9/10:
2024-05-24 18:25:18,875 - utils - INFO - Skipped 0 batches during training
2024-05-24 18:25:34,111 - utils - INFO - Skipped 0 batches during validation
2024-05-24 18:25:34,113 - utils - INFO - Train Loss: 0.2443, Val Loss: 0.1405, Val Acc: 0.9567
2024-05-24 18:25:34,113 - utils - INFO - Epoch 10/10:
2024-05-24 18:25:58,804 - utils - INFO - Skipped 0 batches during training
2024-05-24 18:26:13,813 - utils - INFO - Skipped 0 batches during validation
2024-05-24 18:26:13,814 - utils - INFO - Train Loss: 0.4867, Val Loss: 0.3472, Val Acc: 0.8820
2024-05-24 18:27:37,256 - utils - INFO - Epoch 1/10:
2024-05-24 18:39:48,179 - utils - INFO - Skipped 0 batches during training
2024-05-24 18:40:03,212 - utils - INFO - Skipped 0 batches during validation
2024-05-24 18:40:03,212 - utils - INFO - Train Loss: 0.9819, Val Loss: 0.6146, Val Acc: 0.7922
2024-05-24 18:40:03,212 - utils - INFO - Epoch 2/10:
2024-05-24 18:40:29,941 - utils - INFO - Skipped 0 batches during training
2024-05-24 18:40:44,908 - utils - INFO - Skipped 0 batches during validation
2024-05-24 18:40:44,908 - utils - INFO - Train Loss: 0.8264, Val Loss: 0.9621, Val Acc: 0.7063
2024-05-24 18:40:44,908 - utils - INFO - Epoch 3/10:
2024-05-24 18:41:09,564 - utils - INFO - Skipped 0 batches during training
2024-05-24 18:41:24,772 - utils - INFO - Skipped 0 batches during validation
2024-05-24 18:41:24,772 - utils - INFO - Train Loss: 1.2194, Val Loss: 0.7377, Val Acc: 0.7456
2024-05-24 18:41:24,772 - utils - INFO - Epoch 4/10:
2024-05-24 18:41:49,219 - utils - INFO - Skipped 0 batches during training
2024-05-24 18:42:04,138 - utils - INFO - Skipped 0 batches during validation
2024-05-24 18:42:04,138 - utils - INFO - Train Loss: 0.8511, Val Loss: 0.9035, Val Acc: 0.7104
2024-05-24 18:42:04,139 - utils - INFO - Epoch 5/10:
2024-05-24 18:42:28,621 - utils - INFO - Skipped 0 batches during training
2024-05-24 18:42:43,465 - utils - INFO - Skipped 0 batches during validation
2024-05-24 18:42:43,466 - utils - INFO - Train Loss: 0.6509, Val Loss: 0.4416, Val Acc: 0.8491
2024-05-24 18:42:43,466 - utils - INFO - Epoch 6/10:
2024-05-24 18:43:08,513 - utils - INFO - Skipped 0 batches during training
2024-05-24 18:43:24,395 - utils - INFO - Skipped 0 batches during validation
2024-05-24 18:43:24,395 - utils - INFO - Train Loss: 0.5220, Val Loss: 0.3723, Val Acc: 0.8739
2024-05-24 18:43:24,395 - utils - INFO - Epoch 7/10:
2024-05-24 18:43:48,842 - utils - INFO - Skipped 0 batches during training
2024-05-24 18:44:03,921 - utils - INFO - Skipped 0 batches during validation
2024-05-24 18:44:03,921 - utils - INFO - Train Loss: 0.4101, Val Loss: 0.2679, Val Acc: 0.9122
2024-05-24 18:44:03,921 - utils - INFO - Epoch 8/10:
2024-05-24 18:44:28,396 - utils - INFO - Skipped 0 batches during training
2024-05-24 18:44:43,504 - utils - INFO - Skipped 0 batches during validation
2024-05-24 18:44:43,504 - utils - INFO - Train Loss: 0.3532, Val Loss: 0.2919, Val Acc: 0.9020
2024-05-24 18:44:43,504 - utils - INFO - Epoch 9/10:
2024-05-24 18:45:08,039 - utils - INFO - Skipped 0 batches during training
2024-05-24 18:45:23,062 - utils - INFO - Skipped 0 batches during validation
2024-05-24 18:45:23,062 - utils - INFO - Train Loss: 0.3785, Val Loss: 0.2564, Val Acc: 0.9155
2024-05-24 18:45:23,062 - utils - INFO - Epoch 10/10:
2024-05-24 18:45:47,465 - utils - INFO - Skipped 0 batches during training
2024-05-24 18:46:02,384 - utils - INFO - Skipped 0 batches during validation
2024-05-24 18:46:02,384 - utils - INFO - Train Loss: 0.3086, Val Loss: 0.4643, Val Acc: 0.8576
2024-05-24 18:51:36,983 - utils - INFO - Epoch 1/10:
2024-05-24 19:04:23,230 - utils - INFO - Skipped 0 batches during training
2024-05-24 19:13:55,932 - utils - INFO - Skipped 0 batches during validation
2024-05-24 19:13:55,933 - utils - INFO - Train Loss: 1.1773, Val Loss: 0.7608, Val Acc: 0.7382
2024-05-24 19:13:55,933 - utils - INFO - Epoch 2/10:
2024-05-24 19:14:21,397 - utils - INFO - Skipped 0 batches during training
2024-05-24 19:14:36,158 - utils - INFO - Skipped 0 batches during validation
2024-05-24 19:14:36,159 - utils - INFO - Train Loss: 0.7368, Val Loss: 0.7007, Val Acc: 0.7599
2024-05-24 19:14:36,159 - utils - INFO - Epoch 3/10:
2024-05-24 19:15:00,649 - utils - INFO - Skipped 0 batches during training
2024-05-24 19:15:15,811 - utils - INFO - Skipped 0 batches during validation
2024-05-24 19:15:15,811 - utils - INFO - Train Loss: 0.6384, Val Loss: 1.1321, Val Acc: 0.6356
2024-05-24 19:15:15,811 - utils - INFO - Epoch 4/10:
2024-05-24 19:15:40,116 - utils - INFO - Skipped 0 batches during training
2024-05-24 19:15:55,120 - utils - INFO - Skipped 0 batches during validation
2024-05-24 19:15:55,120 - utils - INFO - Train Loss: 0.6547, Val Loss: 0.3783, Val Acc: 0.8745
2024-05-24 19:15:55,120 - utils - INFO - Epoch 5/10:
2024-05-24 19:16:20,151 - utils - INFO - Skipped 0 batches during training
2024-05-24 19:16:34,820 - utils - INFO - Skipped 0 batches during validation
2024-05-24 19:16:34,820 - utils - INFO - Train Loss: 0.4846, Val Loss: 0.3718, Val Acc: 0.8730
2024-05-24 19:16:34,821 - utils - INFO - Epoch 6/10:
2024-05-24 19:16:59,341 - utils - INFO - Skipped 0 batches during training
2024-05-24 19:17:14,505 - utils - INFO - Skipped 0 batches during validation
2024-05-24 19:17:14,506 - utils - INFO - Train Loss: 0.3750, Val Loss: 0.3160, Val Acc: 0.8893
2024-05-24 19:17:14,506 - utils - INFO - Epoch 7/10:
2024-05-24 19:17:38,755 - utils - INFO - Skipped 0 batches during training
2024-05-24 19:17:53,959 - utils - INFO - Skipped 0 batches during validation
2024-05-24 19:17:53,960 - utils - INFO - Train Loss: 0.3431, Val Loss: 0.3021, Val Acc: 0.8961
2024-05-24 19:17:53,960 - utils - INFO - Epoch 8/10:
2024-05-24 19:18:18,352 - utils - INFO - Skipped 0 batches during training
2024-05-24 19:18:33,058 - utils - INFO - Skipped 0 batches during validation
2024-05-24 19:18:33,058 - utils - INFO - Train Loss: 0.2845, Val Loss: 0.2130, Val Acc: 0.9286
2024-05-24 19:18:33,058 - utils - INFO - Epoch 9/10:
2024-05-24 19:18:57,451 - utils - INFO - Skipped 0 batches during training
2024-05-24 19:19:12,454 - utils - INFO - Skipped 0 batches during validation
2024-05-24 19:19:12,454 - utils - INFO - Train Loss: 0.2619, Val Loss: 0.1389, Val Acc: 0.9541
2024-05-24 19:19:12,454 - utils - INFO - Epoch 10/10:
2024-05-24 19:19:36,844 - utils - INFO - Skipped 0 batches during training
2024-05-24 19:19:51,895 - utils - INFO - Skipped 0 batches during validation
2024-05-24 19:19:51,896 - utils - INFO - Train Loss: 0.1901, Val Loss: 0.1081, Val Acc: 0.9642
2024-05-24 19:25:48,658 - utils - INFO - Epoch 1/10:
2024-05-24 19:38:31,546 - utils - INFO - Skipped 0 batches during training
2024-05-24 19:38:49,035 - utils - INFO - Skipped 0 batches during validation
2024-05-24 19:38:49,036 - utils - INFO - Train Loss: 1.0164, Val Loss: 2.0876, Val Acc: 0.4605
2024-05-24 19:38:49,036 - utils - INFO - Epoch 2/10:
2024-05-24 19:39:15,820 - utils - INFO - Skipped 0 batches during training
2024-05-24 19:39:32,558 - utils - INFO - Skipped 0 batches during validation
2024-05-24 19:39:32,558 - utils - INFO - Train Loss: 0.8952, Val Loss: 0.5530, Val Acc: 0.8133
2024-05-24 19:39:32,559 - utils - INFO - Epoch 3/10:
2024-05-24 19:39:58,963 - utils - INFO - Skipped 0 batches during training
2024-05-24 19:40:16,093 - utils - INFO - Skipped 0 batches during validation
2024-05-24 19:40:16,093 - utils - INFO - Train Loss: 0.5976, Val Loss: 0.5023, Val Acc: 0.8285
2024-05-24 19:40:16,093 - utils - INFO - Epoch 4/10:
2024-05-24 19:40:42,311 - utils - INFO - Skipped 0 batches during training
2024-05-24 19:40:59,470 - utils - INFO - Skipped 0 batches during validation
2024-05-24 19:40:59,472 - utils - INFO - Train Loss: 0.4951, Val Loss: 0.3396, Val Acc: 0.8895
2024-05-24 19:40:59,472 - utils - INFO - Epoch 5/10:
2024-05-24 19:41:26,082 - utils - INFO - Skipped 0 batches during training
2024-05-24 19:41:42,724 - utils - INFO - Skipped 0 batches during validation
2024-05-24 19:41:42,725 - utils - INFO - Train Loss: 0.4854, Val Loss: 1.0024, Val Acc: 0.6610
2024-05-24 19:41:42,725 - utils - INFO - Epoch 6/10:
2024-05-24 19:42:09,587 - utils - INFO - Skipped 0 batches during training
2024-05-24 19:42:26,408 - utils - INFO - Skipped 0 batches during validation
2024-05-24 19:42:26,408 - utils - INFO - Train Loss: 0.4759, Val Loss: 0.2613, Val Acc: 0.9124
2024-05-24 19:42:26,408 - utils - INFO - Epoch 7/10:
2024-05-24 19:42:53,524 - utils - INFO - Skipped 0 batches during training
2024-05-24 19:43:11,164 - utils - INFO - Skipped 0 batches during validation
2024-05-24 19:43:11,164 - utils - INFO - Train Loss: 0.3011, Val Loss: 0.2062, Val Acc: 0.9333
2024-05-24 19:43:11,165 - utils - INFO - Epoch 8/10:
2024-05-24 19:43:38,874 - utils - INFO - Skipped 0 batches during training
2024-05-24 19:43:54,555 - utils - INFO - Skipped 0 batches during validation
2024-05-24 19:43:54,556 - utils - INFO - Train Loss: 0.2472, Val Loss: 0.1708, Val Acc: 0.9453
2024-05-24 19:43:54,556 - utils - INFO - Epoch 9/10:
2024-05-24 19:50:14,296 - utils - INFO - Skipped 0 batches during training
2024-05-24 19:55:52,514 - utils - INFO - Skipped 0 batches during validation
2024-05-24 19:55:52,515 - utils - INFO - Train Loss: 0.2880, Val Loss: 0.7629, Val Acc: 0.7412
2024-05-24 19:55:52,515 - utils - INFO - Epoch 10/10:
2024-05-24 19:56:22,199 - utils - INFO - Skipped 0 batches during training
2024-05-24 19:56:38,368 - utils - INFO - Skipped 0 batches during validation
2024-05-24 19:56:38,368 - utils - INFO - Train Loss: 0.4250, Val Loss: 0.1075, Val Acc: 0.9671
2024-05-26 16:45:59,592 - utils - INFO - Epoch 1/10:
2024-05-26 17:05:24,531 - utils - INFO - Skipped 0 batches during training
2024-05-26 17:05:43,536 - utils - INFO - Skipped 0 batches during validation
2024-05-26 17:05:43,536 - utils - INFO - Train Loss: 1.0874, Val Loss: 1.1963, Val Acc: 0.5778
2024-05-26 17:05:43,578 - utils - INFO - Epoch 2/10:
2024-05-26 17:06:14,058 - utils - INFO - Skipped 0 batches during training
2024-05-26 17:06:33,483 - utils - INFO - Skipped 0 batches during validation
2024-05-26 17:06:33,485 - utils - INFO - Train Loss: 0.8930, Val Loss: 0.6951, Val Acc: 0.7615
2024-05-26 17:06:33,485 - utils - INFO - Epoch 3/10:
2024-05-26 17:07:03,829 - utils - INFO - Skipped 0 batches during training
2024-05-26 17:07:23,249 - utils - INFO - Skipped 0 batches during validation
2024-05-26 17:07:23,249 - utils - INFO - Train Loss: 0.7242, Val Loss: 0.5262, Val Acc: 0.8218
2024-05-26 17:07:23,249 - utils - INFO - Epoch 4/10:
2024-05-26 17:07:53,455 - utils - INFO - Skipped 0 batches during training
2024-05-26 17:08:12,381 - utils - INFO - Skipped 0 batches during validation
2024-05-26 17:08:12,382 - utils - INFO - Train Loss: 0.5999, Val Loss: 0.4720, Val Acc: 0.8423
2024-05-26 17:08:12,382 - utils - INFO - Epoch 5/10:
2024-05-26 17:08:42,457 - utils - INFO - Skipped 0 batches during training
2024-05-26 17:09:01,687 - utils - INFO - Skipped 0 batches during validation
2024-05-26 17:09:01,687 - utils - INFO - Train Loss: 0.4768, Val Loss: 0.3257, Val Acc: 0.8883
2024-05-26 17:09:01,687 - utils - INFO - Epoch 6/10:
2024-05-26 17:09:32,464 - utils - INFO - Skipped 0 batches during training
2024-05-26 17:09:52,378 - utils - INFO - Skipped 0 batches during validation
2024-05-26 17:09:52,378 - utils - INFO - Train Loss: 0.5325, Val Loss: 0.3608, Val Acc: 0.8788
2024-05-26 17:09:52,378 - utils - INFO - Epoch 7/10:
2024-05-26 17:10:24,715 - utils - INFO - Skipped 0 batches during training
2024-05-26 17:10:45,983 - utils - INFO - Skipped 0 batches during validation
2024-05-26 17:10:45,983 - utils - INFO - Train Loss: 0.3742, Val Loss: 0.2066, Val Acc: 0.9344
2024-05-26 17:10:45,983 - utils - INFO - Epoch 8/10:
2024-05-26 17:11:18,467 - utils - INFO - Skipped 0 batches during training
2024-05-26 17:11:39,257 - utils - INFO - Skipped 0 batches during validation
2024-05-26 17:11:39,257 - utils - INFO - Train Loss: 0.3758, Val Loss: 0.1772, Val Acc: 0.9424
2024-05-26 17:11:39,257 - utils - INFO - Epoch 9/10:
2024-05-26 17:12:11,821 - utils - INFO - Skipped 0 batches during training
2024-05-26 17:12:32,379 - utils - INFO - Skipped 0 batches during validation
2024-05-26 17:12:32,380 - utils - INFO - Train Loss: 0.3160, Val Loss: 0.2249, Val Acc: 0.9261
2024-05-26 17:12:32,380 - utils - INFO - Epoch 10/10:
2024-05-26 17:13:04,387 - utils - INFO - Skipped 0 batches during training
2024-05-26 17:13:24,821 - utils - INFO - Skipped 0 batches during validation
2024-05-26 17:13:24,822 - utils - INFO - Train Loss: 0.2501, Val Loss: 0.1198, Val Acc: 0.9613
2024-05-26 17:19:01,490 - utils - INFO - Test Accuracy: 0.8101
2024-05-26 17:41:25,089 - utils - INFO - Epoch 1/10:
2024-05-26 17:48:22,161 - utils - INFO - Skipped 0 batches during training
2024-05-26 17:48:33,844 - utils - INFO - Skipped 0 batches during validation
2024-05-26 17:48:33,846 - utils - INFO - Train Loss: 1.1768, Val Loss: 0.9920, Val Acc: 0.6596
2024-05-26 17:48:33,846 - utils - INFO - Epoch 2/10:
2024-05-26 17:48:52,032 - utils - INFO - Skipped 0 batches during training
2024-05-26 17:49:03,347 - utils - INFO - Skipped 0 batches during validation
2024-05-26 17:49:03,347 - utils - INFO - Train Loss: 0.8119, Val Loss: 0.8212, Val Acc: 0.7365
2024-05-26 17:49:03,348 - utils - INFO - Epoch 3/10:
2024-05-26 17:49:22,151 - utils - INFO - Skipped 0 batches during training
2024-05-26 17:49:33,732 - utils - INFO - Skipped 0 batches during validation
2024-05-26 17:49:33,732 - utils - INFO - Train Loss: 0.6807, Val Loss: 1.0859, Val Acc: 0.6956
2024-05-26 17:49:33,732 - utils - INFO - Epoch 4/10:
2024-05-26 17:49:52,352 - utils - INFO - Skipped 0 batches during training
2024-05-26 17:57:12,409 - utils - INFO - Skipped 0 batches during validation
2024-05-26 17:57:12,410 - utils - INFO - Train Loss: 0.7803, Val Loss: 1.4647, Val Acc: 0.5983
2024-05-26 17:57:12,425 - utils - INFO - Epoch 5/10:
2024-05-26 17:59:44,652 - utils - INFO - Skipped 0 batches during training
2024-05-26 17:59:55,945 - utils - INFO - Skipped 0 batches during validation
2024-05-26 17:59:55,945 - utils - INFO - Train Loss: 0.9485, Val Loss: 0.5156, Val Acc: 0.8276
2024-05-26 17:59:55,946 - utils - INFO - Epoch 6/10:
2024-05-26 18:00:12,925 - utils - INFO - Skipped 0 batches during training
2024-05-26 18:00:23,724 - utils - INFO - Skipped 0 batches during validation
2024-05-26 18:00:23,724 - utils - INFO - Train Loss: 0.5721, Val Loss: 1.6948, Val Acc: 0.6400
2024-05-26 18:00:23,724 - utils - INFO - Epoch 7/10:
2024-05-26 18:00:40,393 - utils - INFO - Skipped 0 batches during training
2024-05-26 18:00:51,497 - utils - INFO - Skipped 0 batches during validation
2024-05-26 18:00:51,497 - utils - INFO - Train Loss: 0.7146, Val Loss: 0.4323, Val Acc: 0.8551
2024-05-26 18:00:51,497 - utils - INFO - Epoch 8/10:
2024-05-26 18:01:08,211 - utils - INFO - Skipped 0 batches during training
2024-05-26 18:01:18,892 - utils - INFO - Skipped 0 batches during validation
2024-05-26 18:01:18,892 - utils - INFO - Train Loss: 0.4164, Val Loss: 0.2633, Val Acc: 0.9129
2024-05-26 18:01:18,892 - utils - INFO - Epoch 9/10:
2024-05-26 18:01:35,725 - utils - INFO - Skipped 0 batches during training
2024-05-26 18:01:46,570 - utils - INFO - Skipped 0 batches during validation
2024-05-26 18:01:46,570 - utils - INFO - Train Loss: 0.3118, Val Loss: 0.1980, Val Acc: 0.9370
2024-05-26 18:01:46,570 - utils - INFO - Epoch 10/10:
2024-05-26 18:02:03,911 - utils - INFO - Skipped 0 batches during training
2024-05-26 18:02:14,765 - utils - INFO - Skipped 0 batches during validation
2024-05-26 18:02:14,765 - utils - INFO - Train Loss: 0.2547, Val Loss: 0.1291, Val Acc: 0.9596
2024-05-26 18:07:28,300 - utils - INFO - Test Accuracy: 0.7864
2024-05-26 18:29:57,468 - utils - INFO - Epoch 1/10:
2024-05-26 18:33:13,084 - utils - INFO - Skipped 0 batches during training
2024-05-26 18:36:42,890 - utils - INFO - Skipped 0 batches during validation
2024-05-26 18:36:42,891 - utils - INFO - Train Loss: 1.3959, Val Loss: 1.0816, Val Acc: 0.6370
2024-05-26 18:36:42,891 - utils - INFO - Epoch 2/10:
2024-05-26 18:36:48,410 - utils - INFO - Skipped 0 batches during training
2024-05-26 18:36:51,994 - utils - INFO - Skipped 0 batches during validation
2024-05-26 18:36:51,994 - utils - INFO - Train Loss: 0.9694, Val Loss: 4.4099, Val Acc: 0.6202
2024-05-26 18:36:51,994 - utils - INFO - Epoch 3/10:
2024-05-26 18:36:57,477 - utils - INFO - Skipped 0 batches during training
2024-05-26 18:37:00,857 - utils - INFO - Skipped 0 batches during validation
2024-05-26 18:37:00,857 - utils - INFO - Train Loss: 0.8685, Val Loss: 1.4967, Val Acc: 0.6931
2024-05-26 18:37:00,857 - utils - INFO - Epoch 4/10:
2024-05-26 18:37:06,552 - utils - INFO - Skipped 0 batches during training
2024-05-26 18:37:10,046 - utils - INFO - Skipped 0 batches during validation
2024-05-26 18:37:10,047 - utils - INFO - Train Loss: 0.6510, Val Loss: 0.3349, Val Acc: 0.8941
2024-05-26 18:37:10,047 - utils - INFO - Epoch 5/10:
2024-05-26 18:37:15,630 - utils - INFO - Skipped 0 batches during training
2024-05-26 18:37:19,413 - utils - INFO - Skipped 0 batches during validation
2024-05-26 18:37:19,415 - utils - INFO - Train Loss: 0.7153, Val Loss: 0.8717, Val Acc: 0.7593
2024-05-26 18:37:19,415 - utils - INFO - Epoch 6/10:
2024-05-26 18:37:25,275 - utils - INFO - Skipped 0 batches during training
2024-05-26 18:37:28,671 - utils - INFO - Skipped 0 batches during validation
2024-05-26 18:37:28,672 - utils - INFO - Train Loss: 0.7063, Val Loss: 0.4152, Val Acc: 0.8667
2024-05-26 18:37:28,672 - utils - INFO - Epoch 7/10:
2024-05-26 18:37:34,235 - utils - INFO - Skipped 0 batches during training
2024-05-26 18:37:37,546 - utils - INFO - Skipped 0 batches during validation
2024-05-26 18:37:37,546 - utils - INFO - Train Loss: 0.4204, Val Loss: 0.2528, Val Acc: 0.9201
2024-05-26 18:37:37,546 - utils - INFO - Epoch 8/10:
2024-05-26 18:37:43,048 - utils - INFO - Skipped 0 batches during training
2024-05-26 18:37:46,800 - utils - INFO - Skipped 0 batches during validation
2024-05-26 18:37:46,801 - utils - INFO - Train Loss: 0.2884, Val Loss: 0.1903, Val Acc: 0.9376
2024-05-26 18:37:46,801 - utils - INFO - Epoch 9/10:
2024-05-26 18:37:52,612 - utils - INFO - Skipped 0 batches during training
2024-05-26 18:37:56,045 - utils - INFO - Skipped 0 batches during validation
2024-05-26 18:37:56,045 - utils - INFO - Train Loss: 0.2031, Val Loss: 0.1168, Val Acc: 0.9614
2024-05-26 18:37:56,046 - utils - INFO - Epoch 10/10:
2024-05-26 18:38:01,557 - utils - INFO - Skipped 0 batches during training
2024-05-26 18:38:04,856 - utils - INFO - Skipped 0 batches during validation
2024-05-26 18:38:04,856 - utils - INFO - Train Loss: 0.2419, Val Loss: 0.1547, Val Acc: 0.9503
2024-09-11 12:56:44,040 - utils - INFO - Splitting dataset into 5 batches and saving to data\batches
2024-09-11 13:20:14,209 - utils - INFO - Epoch 1/10:
2024-09-11 13:23:01,963 - utils - INFO - Skipped 0 batches during training
2024-09-11 13:23:26,705 - utils - INFO - Skipped 0 batches during validation
2024-09-11 13:23:26,706 - utils - INFO - Train Loss: 1.3860, Val Loss: 0.8621, Val Acc: 0.7055
2024-09-11 13:23:26,707 - utils - INFO - Epoch 2/10:
2024-09-11 13:26:04,201 - utils - INFO - Skipped 0 batches during training
2024-09-11 13:26:30,122 - utils - INFO - Skipped 0 batches during validation
2024-09-11 13:26:30,122 - utils - INFO - Train Loss: 0.8809, Val Loss: 0.9354, Val Acc: 0.6986
2024-09-11 13:26:30,130 - utils - INFO - Epoch 3/10:
2024-09-11 13:29:04,433 - utils - INFO - Skipped 0 batches during training
2024-09-11 13:29:29,826 - utils - INFO - Skipped 0 batches during validation
2024-09-11 13:29:29,834 - utils - INFO - Train Loss: 0.7049, Val Loss: 0.7530, Val Acc: 0.7780
2024-09-11 13:29:29,834 - utils - INFO - Epoch 4/10:
2024-09-11 13:32:04,363 - utils - INFO - Skipped 0 batches during training
2024-09-11 13:32:29,908 - utils - INFO - Skipped 0 batches during validation
2024-09-11 13:32:29,908 - utils - INFO - Train Loss: 0.5644, Val Loss: 0.3640, Val Acc: 0.8830
2024-09-11 13:32:29,908 - utils - INFO - Epoch 5/10:
2024-09-11 13:35:04,126 - utils - INFO - Skipped 0 batches during training
2024-09-11 13:35:29,384 - utils - INFO - Skipped 0 batches during validation
2024-09-11 13:35:29,384 - utils - INFO - Train Loss: 0.5009, Val Loss: 0.4616, Val Acc: 0.8513
2024-09-11 13:35:29,384 - utils - INFO - Epoch 6/10:
2024-09-11 13:38:04,292 - utils - INFO - Skipped 0 batches during training
2024-09-11 13:38:29,461 - utils - INFO - Skipped 0 batches during validation
2024-09-11 13:38:29,461 - utils - INFO - Train Loss: 0.6014, Val Loss: 0.5286, Val Acc: 0.8175
2024-09-11 13:38:29,461 - utils - INFO - Epoch 7/10:
2024-09-11 13:41:03,634 - utils - INFO - Skipped 0 batches during training
2024-09-11 13:41:29,497 - utils - INFO - Skipped 0 batches during validation
2024-09-11 13:41:29,497 - utils - INFO - Train Loss: 0.3926, Val Loss: 0.1621, Val Acc: 0.9527
2024-09-11 13:41:29,497 - utils - INFO - Epoch 8/10:
2024-09-11 13:44:02,313 - utils - INFO - Skipped 0 batches during training
2024-09-11 13:44:27,352 - utils - INFO - Skipped 0 batches during validation
2024-09-11 13:44:27,352 - utils - INFO - Train Loss: 0.2348, Val Loss: 0.1766, Val Acc: 0.9413
2024-09-11 13:44:27,352 - utils - INFO - Epoch 9/10:
2024-09-11 13:47:00,523 - utils - INFO - Skipped 0 batches during training
2024-09-11 13:47:25,552 - utils - INFO - Skipped 0 batches during validation
2024-09-11 13:47:25,560 - utils - INFO - Train Loss: 0.1915, Val Loss: 0.1179, Val Acc: 0.9602
2024-09-11 13:47:25,560 - utils - INFO - Epoch 10/10:
2024-09-11 13:49:58,402 - utils - INFO - Skipped 0 batches during training
2024-09-11 13:50:23,291 - utils - INFO - Skipped 0 batches during validation
2024-09-11 13:50:23,291 - utils - INFO - Train Loss: 0.1481, Val Loss: 0.1139, Val Acc: 0.9619
